Analysis & Synthesis report for floppy_max2
Mon Oct  2 15:41:07 2023
Quartus II 64-Bit Version 13.0.1 Build 232 06/12/2013 Service Pack 1 SJ Web Edition


---------------------
; Table of Contents ;
---------------------
  1. Legal Notice
  2. Analysis & Synthesis Summary
  3. Analysis & Synthesis Settings
  4. Parallel Compilation
  5. Analysis & Synthesis Source Files Read
  6. Analysis & Synthesis Resource Usage Summary
  7. Analysis & Synthesis Resource Utilization by Entity
  8. Registers Removed During Synthesis
  9. General Register Statistics
 10. Multiplexer Restructuring Statistics (Restructuring Performed)
 11. Parameter Settings for User Entity Instance: SPI_SLAVE:spi_slave
 12. Port Connectivity Checks: "SPI_SLAVE:spi_slave"
 13. Analysis & Synthesis Messages



----------------
; Legal Notice ;
----------------
Copyright (C) 1991-2013 Altera Corporation
Your use of Altera Corporation's design tools, logic functions 
and other software and tools, and its AMPP partner logic 
functions, and any output files from any of the foregoing 
(including device programming or simulation files), and any 
associated documentation or information are expressly subject 
to the terms and conditions of the Altera Program License 
Subscription Agreement, Altera MegaCore Function License 
Agreement, or other applicable license agreement, including, 
without limitation, that your use is for the sole purpose of 
programming logic devices manufactured by Altera and sold by 
Altera or its authorized distributors.  Please refer to the 
applicable agreement for further details.



+-------------------------------------------------------------------------------+
; Analysis & Synthesis Summary                                                  ;
+-----------------------------+-------------------------------------------------+
; Analysis & Synthesis Status ; Successful - Mon Oct  2 15:41:07 2023           ;
; Quartus II 64-Bit Version   ; 13.0.1 Build 232 06/12/2013 SP 1 SJ Web Edition ;
; Revision Name               ; floppy_max2                                     ;
; Top-level Entity Name       ; floppy_controller                               ;
; Family                      ; MAX II                                          ;
; Total logic elements        ; 165                                             ;
; Total pins                  ; 53                                              ;
; Total virtual pins          ; 0                                               ;
; UFM blocks                  ; 0 / 1 ( 0 % )                                   ;
+-----------------------------+-------------------------------------------------+


+----------------------------------------------------------------------------------------------------------------------+
; Analysis & Synthesis Settings                                                                                        ;
+----------------------------------------------------------------------------+--------------------+--------------------+
; Option                                                                     ; Setting            ; Default Value      ;
+----------------------------------------------------------------------------+--------------------+--------------------+
; Top-level entity name                                                      ; floppy_controller  ; floppy_max2        ;
; Family name                                                                ; MAX II             ; Cyclone IV GX      ;
; Use smart compilation                                                      ; Off                ; Off                ;
; Enable parallel Assembler and TimeQuest Timing Analyzer during compilation ; On                 ; On                 ;
; Enable compact report table                                                ; Off                ; Off                ;
; Restructure Multiplexers                                                   ; Auto               ; Auto               ;
; Create Debugging Nodes for IP Cores                                        ; Off                ; Off                ;
; Preserve fewer node names                                                  ; On                 ; On                 ;
; Disable OpenCore Plus hardware evaluation                                  ; Off                ; Off                ;
; Verilog Version                                                            ; Verilog_2001       ; Verilog_2001       ;
; VHDL Version                                                               ; VHDL_1993          ; VHDL_1993          ;
; State Machine Processing                                                   ; Auto               ; Auto               ;
; Safe State Machine                                                         ; Off                ; Off                ;
; Extract Verilog State Machines                                             ; On                 ; On                 ;
; Extract VHDL State Machines                                                ; On                 ; On                 ;
; Ignore Verilog initial constructs                                          ; Off                ; Off                ;
; Iteration limit for constant Verilog loops                                 ; 5000               ; 5000               ;
; Iteration limit for non-constant Verilog loops                             ; 250                ; 250                ;
; Add Pass-Through Logic to Inferred RAMs                                    ; On                 ; On                 ;
; Infer RAMs from Raw Logic                                                  ; On                 ; On                 ;
; Parallel Synthesis                                                         ; On                 ; On                 ;
; NOT Gate Push-Back                                                         ; On                 ; On                 ;
; Power-Up Don't Care                                                        ; On                 ; On                 ;
; Remove Redundant Logic Cells                                               ; Off                ; Off                ;
; Remove Duplicate Registers                                                 ; On                 ; On                 ;
; Ignore CARRY Buffers                                                       ; Off                ; Off                ;
; Ignore CASCADE Buffers                                                     ; Off                ; Off                ;
; Ignore GLOBAL Buffers                                                      ; Off                ; Off                ;
; Ignore ROW GLOBAL Buffers                                                  ; Off                ; Off                ;
; Ignore LCELL Buffers                                                       ; Off                ; Off                ;
; Ignore SOFT Buffers                                                        ; On                 ; On                 ;
; Limit AHDL Integers to 32 Bits                                             ; Off                ; Off                ;
; Optimization Technique                                                     ; Balanced           ; Balanced           ;
; Carry Chain Length                                                         ; 70                 ; 70                 ;
; Auto Carry Chains                                                          ; On                 ; On                 ;
; Auto Open-Drain Pins                                                       ; On                 ; On                 ;
; Perform WYSIWYG Primitive Resynthesis                                      ; Off                ; Off                ;
; Auto Shift Register Replacement                                            ; Auto               ; Auto               ;
; Allow Shift Register Merging across Hierarchies                            ; Auto               ; Auto               ;
; Auto Clock Enable Replacement                                              ; On                 ; On                 ;
; Allow Synchronous Control Signals                                          ; On                 ; On                 ;
; Force Use of Synchronous Clear Signals                                     ; Off                ; Off                ;
; Auto Resource Sharing                                                      ; Off                ; Off                ;
; Use LogicLock Constraints during Resource Balancing                        ; On                 ; On                 ;
; Ignore translate_off and synthesis_off directives                          ; Off                ; Off                ;
; Report Parameter Settings                                                  ; On                 ; On                 ;
; Report Source Assignments                                                  ; On                 ; On                 ;
; Report Connectivity Checks                                                 ; On                 ; On                 ;
; Ignore Maximum Fan-Out Assignments                                         ; Off                ; Off                ;
; Synchronization Register Chain Length                                      ; 2                  ; 2                  ;
; PowerPlay Power Optimization                                               ; Normal compilation ; Normal compilation ;
; HDL message level                                                          ; Level2             ; Level2             ;
; Suppress Register Optimization Related Messages                            ; Off                ; Off                ;
; Number of Removed Registers Reported in Synthesis Report                   ; 5000               ; 5000               ;
; Number of Swept Nodes Reported in Synthesis Report                         ; 5000               ; 5000               ;
; Number of Inverted Registers Reported in Synthesis Report                  ; 100                ; 100                ;
; Clock MUX Protection                                                       ; On                 ; On                 ;
; Block Design Naming                                                        ; Auto               ; Auto               ;
; Synthesis Effort                                                           ; Auto               ; Auto               ;
; Shift Register Replacement - Allow Asynchronous Clear Signal               ; On                 ; On                 ;
; Pre-Mapping Resynthesis Optimization                                       ; Off                ; Off                ;
; Analysis & Synthesis Message Level                                         ; Medium             ; Medium             ;
; Disable Register Merging Across Hierarchies                                ; Auto               ; Auto               ;
; Synthesis Seed                                                             ; 1                  ; 1                  ;
+----------------------------------------------------------------------------+--------------------+--------------------+


Parallel compilation was disabled, but you have multiple processors available. Enable parallel compilation to reduce compilation time.
+-------------------------------------+
; Parallel Compilation                ;
+----------------------------+--------+
; Processors                 ; Number ;
+----------------------------+--------+
; Number detected on machine ; 8      ;
; Maximum allowed            ; 1      ;
+----------------------------+--------+


+-----------------------------------------------------------------------------------------------------------------------------------------------------------------------------------------------+
; Analysis & Synthesis Source Files Read                                                                                                                                                        ;
+----------------------------------------+-----------------+-----------------+--------------------------------------------------------------------------------------------------------+---------+
; File Name with User-Entered Path       ; Used in Netlist ; File Type       ; File Name with Absolute Path                                                                           ; Library ;
+----------------------------------------+-----------------+-----------------+--------------------------------------------------------------------------------------------------------+---------+
; floppy_max2.vhd                        ; yes             ; User VHDL File  ; /home/rob/Data/rob/Projects/Unicomp2/CPLD_board/cpld firmware max_II/floppy_controller/floppy_max2.vhd ;         ;
; ../../../vhdl_components/spi_slave.vhd ; yes             ; User VHDL File  ; /home/rob/Data/rob/Projects/Unicomp2/vhdl_components/spi_slave.vhd                                     ;         ;
+----------------------------------------+-----------------+-----------------+--------------------------------------------------------------------------------------------------------+---------+


+-----------------------------------------------------+
; Analysis & Synthesis Resource Usage Summary         ;
+---------------------------------------------+-------+
; Resource                                    ; Usage ;
+---------------------------------------------+-------+
; Total logic elements                        ; 165   ;
;     -- Combinational with no register       ; 53    ;
;     -- Register only                        ; 20    ;
;     -- Combinational with a register        ; 92    ;
;                                             ;       ;
; Logic element usage by number of LUT inputs ;       ;
;     -- 4 input functions                    ; 40    ;
;     -- 3 input functions                    ; 97    ;
;     -- 2 input functions                    ; 7     ;
;     -- 1 input functions                    ; 1     ;
;     -- 0 input functions                    ; 0     ;
;                                             ;       ;
; Logic elements by mode                      ;       ;
;     -- normal mode                          ; 160   ;
;     -- arithmetic mode                      ; 5     ;
;     -- qfbk mode                            ; 0     ;
;     -- register cascade mode                ; 0     ;
;     -- synchronous clear/load mode          ; 33    ;
;     -- asynchronous clear/load mode         ; 49    ;
;                                             ;       ;
; Total registers                             ; 112   ;
; Total logic cells in carry chains           ; 6     ;
; I/O pins                                    ; 53    ;
; Maximum fan-out node                        ; clk50 ;
; Maximum fan-out                             ; 63    ;
; Total fan-out                               ; 801   ;
; Average fan-out                             ; 3.67  ;
+---------------------------------------------+-------+


+-----------------------------------------------------------------------------------------------------------------------------------------------------------------------------------------------------------------------------------------+
; Analysis & Synthesis Resource Utilization by Entity                                                                                                                                                                                     ;
+----------------------------+-------------+--------------+------------+------+--------------+--------------+-------------------+------------------+-----------------+------------+----------------------------------------+--------------+
; Compilation Hierarchy Node ; Logic Cells ; LC Registers ; UFM Blocks ; Pins ; Virtual Pins ; LUT-Only LCs ; Register-Only LCs ; LUT/Register LCs ; Carry Chain LCs ; Packed LCs ; Full Hierarchy Name                    ; Library Name ;
+----------------------------+-------------+--------------+------------+------+--------------+--------------+-------------------+------------------+-----------------+------------+----------------------------------------+--------------+
; |floppy_controller         ; 165 (92)    ; 112          ; 0          ; 53   ; 0            ; 53 (43)      ; 20 (9)            ; 92 (40)          ; 6 (0)           ; 0 (0)      ; |floppy_controller                     ; work         ;
;    |SPI_SLAVE:spi_slave|   ; 73 (73)     ; 63           ; 0          ; 0    ; 0            ; 10 (10)      ; 11 (11)           ; 52 (52)          ; 6 (6)           ; 0 (0)      ; |floppy_controller|SPI_SLAVE:spi_slave ; work         ;
+----------------------------+-------------+--------------+------------+------+--------------+--------------+-------------------+------------------+-----------------+------------+----------------------------------------+--------------+
Note: For table entries with two numbers listed, the numbers in parentheses indicate the number of resources of the given type used by the specific entity alone. The numbers listed outside of parentheses indicate the total resources of the given type used by the specific entity and all of its sub-entities in the hierarchy.


+--------------------------------------------------------------------------------+
; Registers Removed During Synthesis                                             ;
+---------------------------------------+----------------------------------------+
; Register name                         ; Reason for Removal                     ;
+---------------------------------------+----------------------------------------+
; SPI_SLAVE:spi_slave|shreg_busy        ; Stuck at VCC due to stuck port data_in ;
; Total Number of Removed Registers = 1 ;                                        ;
+---------------------------------------+----------------------------------------+


+------------------------------------------------------+
; General Register Statistics                          ;
+----------------------------------------------+-------+
; Statistic                                    ; Value ;
+----------------------------------------------+-------+
; Total registers                              ; 112   ;
; Number of registers using Synchronous Clear  ; 0     ;
; Number of registers using Synchronous Load   ; 33    ;
; Number of registers using Asynchronous Clear ; 49    ;
; Number of registers using Asynchronous Load  ; 0     ;
; Number of registers using Clock Enable       ; 70    ;
; Number of registers using Preset             ; 0     ;
+----------------------------------------------+-------+


+---------------------------------------------------------------------------------------------------------------------------------------------------------------------+
; Multiplexer Restructuring Statistics (Restructuring Performed)                                                                                                      ;
+--------------------+-----------+---------------+----------------------+------------------------+------------+-------------------------------------------------------+
; Multiplexer Inputs ; Bus Width ; Baseline Area ; Area if Restructured ; Saving if Restructured ; Registered ; Example Multiplexer Output                            ;
+--------------------+-----------+---------------+----------------------+------------------------+------------+-------------------------------------------------------+
; 3:1                ; 48 bits   ; 96 LEs        ; 48 LEs               ; 48 LEs                 ; Yes        ; |floppy_controller|SPI_SLAVE:spi_slave|data_shreg[47] ;
; 4:1                ; 8 bits    ; 16 LEs        ; 16 LEs               ; 0 LEs                  ; Yes        ; |floppy_controller|spi_data[34]                       ;
; 4:1                ; 8 bits    ; 16 LEs        ; 16 LEs               ; 0 LEs                  ; Yes        ; |floppy_controller|spi_data[11]                       ;
; 4:1                ; 8 bits    ; 16 LEs        ; 16 LEs               ; 0 LEs                  ; Yes        ; |floppy_controller|spi_data[19]                       ;
; 4:1                ; 8 bits    ; 16 LEs        ; 16 LEs               ; 0 LEs                  ; Yes        ; |floppy_controller|spi_data[27]                       ;
; 4:1                ; 8 bits    ; 16 LEs        ; 16 LEs               ; 0 LEs                  ; Yes        ; |floppy_controller|spi_data[4]                        ;
+--------------------+-----------+---------------+----------------------+------------------------+------------+-------------------------------------------------------+


+------------------------------------------------------------------+
; Parameter Settings for User Entity Instance: SPI_SLAVE:spi_slave ;
+----------------+-------+-----------------------------------------+
; Parameter Name ; Value ; Type                                    ;
+----------------+-------+-----------------------------------------+
; word_size      ; 48    ; Signed Integer                          ;
+----------------+-------+-----------------------------------------+
Note: In order to hide this table in the UI and the text report file, please set the "Show Parameter Settings in Synthesis Report" option in "Analysis and Synthesis Settings -> More Settings" to "Off".


+-------------------------------------------------------------------------------------------------------------------+
; Port Connectivity Checks: "SPI_SLAVE:spi_slave"                                                                   ;
+---------+--------+----------+-------------------------------------------------------------------------------------+
; Port    ; Type   ; Severity ; Details                                                                             ;
+---------+--------+----------+-------------------------------------------------------------------------------------+
; rst     ; Input  ; Info     ; Stuck at GND                                                                        ;
; din_vld ; Input  ; Info     ; Stuck at VCC                                                                        ;
; din_rdy ; Output ; Info     ; Connected to dangling logic. Logic that only feeds a dangling port will be removed. ;
+---------+--------+----------+-------------------------------------------------------------------------------------+


+-------------------------------+
; Analysis & Synthesis Messages ;
+-------------------------------+
Info: *******************************************************************
Info: Running Quartus II 64-Bit Analysis & Synthesis
    Info: Version 13.0.1 Build 232 06/12/2013 Service Pack 1 SJ Web Edition
    Info: Copyright (C) 1991-2013 Altera Corporation. All rights reserved.
    Info: Your use of Altera Corporation's design tools, logic functions 
    Info: and other software and tools, and its AMPP partner logic 
    Info: functions, and any output files from any of the foregoing 
    Info: (including device programming or simulation files), and any 
    Info: associated documentation or information are expressly subject 
    Info: to the terms and conditions of the Altera Program License 
    Info: Subscription Agreement, Altera MegaCore Function License 
    Info: Agreement, or other applicable license agreement, including, 
    Info: without limitation, that your use is for the sole purpose of 
    Info: programming logic devices manufactured by Altera and sold by 
    Info: Altera or its authorized distributors.  Please refer to the 
    Info: applicable agreement for further details.
    Info: Processing started: Mon Oct  2 15:41:05 2023
Info: Command: quartus_map --read_settings_files=on --source=floppy_max2.vhd --source=../../../vhdl_components/CD4014.vhd --source=../../../vhdl_components/8bit-register.vhd --source=../../../vhdl_components/dff1.vhd --source=../../../vhdl_components/ls165.vhd --source=../../../vhdl_components/spi_slave.vhd floppy_max2
Warning (20028): Parallel compilation is not licensed and has been disabled
Info (12021): Found 2 design units, including 1 entities, in source file floppy_max2.vhd
    Info (12022): Found design unit 1: floppy_controller-Behavioral
    Info (12023): Found entity 1: floppy_controller
Info (12021): Found 2 design units, including 1 entities, in source file /home/rob/Data/rob/Projects/Unicomp2/vhdl_components/CD4014.vhd
    Info (12022): Found design unit 1: CD4014-LogicOperation
    Info (12023): Found entity 1: CD4014
Info (12021): Found 2 design units, including 1 entities, in source file /home/rob/Data/rob/Projects/Unicomp2/vhdl_components/8bit-register.vhd
    Info (12022): Found design unit 1: Reg_8bit-arc_Reg_8bit_intern
    Info (12023): Found entity 1: Reg_8bit
Info (12021): Found 2 design units, including 1 entities, in source file /home/rob/Data/rob/Projects/Unicomp2/vhdl_components/dff1.vhd
    Info (12022): Found design unit 1: dff1-LogicOperation
    Info (12023): Found entity 1: dff1
Info (12021): Found 2 design units, including 1 entities, in source file /home/rob/Data/rob/Projects/Unicomp2/vhdl_components/ls165.vhd
    Info (12022): Found design unit 1: ls165-ls165_body
    Info (12023): Found entity 1: ls165
Info (12021): Found 2 design units, including 1 entities, in source file /home/rob/Data/rob/Projects/Unicomp2/vhdl_components/spi_slave.vhd
    Info (12022): Found design unit 1: SPI_SLAVE-RTL
    Info (12023): Found entity 1: SPI_SLAVE
Info (12127): Elaborating entity "floppy_controller" for the top level hierarchy
Warning (10036): Verilog HDL or VHDL warning at floppy_max2.vhd(36): object "ncs" assigned a value but never read
Warning (10492): VHDL Process Statement warning at floppy_max2.vhd(95): signal "nRST" is read inside the Process Statement but isn't in the Process Statement's sensitivity list
Info (12128): Elaborating entity "SPI_SLAVE" for hierarchy "SPI_SLAVE:spi_slave"
Warning (21074): Design contains 20 input pin(s) that do not drive logic
    Warning (15610): No output dependent on input pin "As[0]"
    Warning (15610): No output dependent on input pin "As[1]"
    Warning (15610): No output dependent on input pin "As[2]"
    Warning (15610): No output dependent on input pin "As[3]"
    Warning (15610): No output dependent on input pin "As[4]"
    Warning (15610): No output dependent on input pin "As[5]"
    Warning (15610): No output dependent on input pin "As[6]"
    Warning (15610): No output dependent on input pin "As[7]"
    Warning (15610): No output dependent on input pin "As[8]"
    Warning (15610): No output dependent on input pin "As[9]"
    Warning (15610): No output dependent on input pin "As[10]"
    Warning (15610): No output dependent on input pin "As[11]"
    Warning (15610): No output dependent on input pin "As[12]"
    Warning (15610): No output dependent on input pin "As[13]"
    Warning (15610): No output dependent on input pin "As[14]"
    Warning (15610): No output dependent on input pin "As[15]"
    Warning (15610): No output dependent on input pin "As[16]"
    Warning (15610): No output dependent on input pin "As[17]"
    Warning (15610): No output dependent on input pin "As[18]"
    Warning (15610): No output dependent on input pin "As[19]"
Info (21057): Implemented 218 device resources after synthesis - the final resource count might be different
    Info (21058): Implemented 43 input pins
    Info (21059): Implemented 2 output pins
    Info (21060): Implemented 8 bidirectional pins
    Info (21061): Implemented 165 logic cells
Info: Quartus II 64-Bit Analysis & Synthesis was successful. 0 errors, 24 warnings
    Info: Peak virtual memory: 591 megabytes
    Info: Processing ended: Mon Oct  2 15:41:07 2023
    Info: Elapsed time: 00:00:02
    Info: Total CPU time (on all processors): 00:00:01


