Flow report for floppy_max2
Thu Oct 12 07:51:09 2023
Quartus II 64-Bit Version 13.0.1 Build 232 06/12/2013 Service Pack 1 SJ Web Edition


---------------------
; Table of Contents ;
---------------------
  1. Legal Notice
  2. Flow Summary
  3. Flow Settings
  4. Flow Non-Default Global Settings
  5. Flow Elapsed Time
  6. Flow OS Summary
  7. Flow Log
  8. Flow Messages
  9. Flow Suppressed Messages



----------------
; Legal Notice ;
----------------
Copyright (C) 1991-2013 Altera Corporation
Your use of Altera Corporation's design tools, logic functions 
and other software and tools, and its AMPP partner logic 
functions, and any output files from any of the foregoing 
(including device programming or simulation files), and any 
associated documentation or information are expressly subject 
to the terms and conditions of the Altera Program License 
Subscription Agreement, Altera MegaCore Function License 
Agreement, or other applicable license agreement, including, 
without limitation, that your use is for the sole purpose of 
programming logic devices manufactured by Altera and sold by 
Altera or its authorized distributors.  Please refer to the 
applicable agreement for further details.



+-----------------------------------------------------------------------------+
; Flow Summary                                                                ;
+---------------------------+-------------------------------------------------+
; Flow Status               ; Successful - Thu Oct 12 07:51:06 2023           ;
; Quartus II 64-Bit Version ; 13.0.1 Build 232 06/12/2013 SP 1 SJ Web Edition ;
; Revision Name             ; floppy_max2                                     ;
; Top-level Entity Name     ; floppy_controller                               ;
; Family                    ; MAX II                                          ;
; Total logic elements      ; 201 / 240 ( 84 % )                              ;
; Total pins                ; 60 / 80 ( 75 % )                                ;
; Total virtual pins        ; 0                                               ;
; UFM blocks                ; 0 / 1 ( 0 % )                                   ;
; Device                    ; EPM240T100C5                                    ;
; Timing Models             ; Final                                           ;
+---------------------------+-------------------------------------------------+


+-----------------------------------------+
; Flow Settings                           ;
+-------------------+---------------------+
; Option            ; Setting             ;
+-------------------+---------------------+
; Start date & time ; 10/12/2023 07:51:00 ;
; Main task         ; Compilation         ;
; Revision Name     ; floppy_max2         ;
+-------------------+---------------------+


+--------------------------------------------------------------------------------------+
; Flow Non-Default Global Settings                                                     ;
+-----------------------+-------------------+---------------+-------------+------------+
; Assignment Name       ; Value             ; Default Value ; Entity Name ; Section Id ;
+-----------------------+-------------------+---------------+-------------+------------+
; COMPILER_SIGNATURE_ID ; 0.169708986014833 ; --            ; --          ; --         ;
; TOP_LEVEL_ENTITY      ; floppy_controller ; floppy_max2   ; --          ; --         ;
+-----------------------+-------------------+---------------+-------------+------------+


+-------------------------------------------------------------------------------------------------------------------------------+
; Flow Elapsed Time                                                                                                             ;
+---------------------------+--------------+-------------------------+---------------------+------------------------------------+
; Module Name               ; Elapsed Time ; Average Processors Used ; Peak Virtual Memory ; Total CPU Time (on all processors) ;
+---------------------------+--------------+-------------------------+---------------------+------------------------------------+
; Analysis & Synthesis      ; 00:00:01     ; 1.0                     ; 594 MB              ; 00:00:01                           ;
; Fitter                    ; 00:00:01     ; 1.0                     ; 585 MB              ; 00:00:02                           ;
; Assembler                 ; 00:00:00     ; 1.0                     ; 495 MB              ; 00:00:01                           ;
; TimeQuest Timing Analyzer ; 00:00:01     ; 1.0                     ; 481 MB              ; 00:00:01                           ;
; Total                     ; 00:00:03     ; --                      ; --                  ; 00:00:05                           ;
+---------------------------+--------------+-------------------------+---------------------+------------------------------------+


+-----------------------------------------------------------------------------------------+
; Flow OS Summary                                                                         ;
+---------------------------+------------------+------------+------------+----------------+
; Module Name               ; Machine Hostname ; OS Name    ; OS Version ; Processor type ;
+---------------------------+------------------+------------+------------+----------------+
; Analysis & Synthesis      ; p52s             ; Linux Mint ; 20         ; x86_64         ;
; Fitter                    ; p52s             ; Linux Mint ; 20         ; x86_64         ;
; Assembler                 ; p52s             ; Linux Mint ; 20         ; x86_64         ;
; TimeQuest Timing Analyzer ; p52s             ; Linux Mint ; 20         ; x86_64         ;
+---------------------------+------------------+------------+------------+----------------+


------------
; Flow Log ;
------------
quartus_map --read_settings_files=on --source=floppy_max2.vhd --source=../../../vhdl_components/CD4014.vhd --source=../../../vhdl_components/8bit-register.vhd --source=../../../vhdl_components/spi_slave_in16.vhd --source=../../../vhdl_components/dff1.vhd --source=../../../vhdl_components/ls165.vhd --source=../../../vhdl_components/spi_slave.vhd --source=../../../vhdl_components/spi_slave_out48.vhd floppy_max2
quartus_fit --part=EPM240T100C5 --read_settings_files=on floppy_max2
quartus_asm floppy_max2
quartus_sta floppy_max2



