 
cpldfit:  version P.20131013                        Xilinx Inc.
                                  Fitter Report
Design Name: board_6803                          Date:  2-12-2024,  8:35PM
Device Used: XC9572XL-10-VQ44
Fitting Status: Successful

*************************  Mapped Resource Summary  **************************

Macrocells     Product Terms    Function Block   Registers      Pins           
Used/Tot       Used/Tot         Inps Used/Tot    Used/Tot       Used/Tot       
10 /72  ( 14%) 15  /360  (  4%) 10 /216 (  5%)   4  /72  (  6%) 14 /34  ( 41%)

** Function Block Resources **

Function    Mcells      FB Inps     Pterms      IO          
Block       Used/Tot    Used/Tot    Used/Tot    Used/Tot    
FB1           5/18        6/54        9/90       7/ 9
FB2           5/18        4/54        6/90       7/ 9
FB3           0/18        0/54        0/90       0/ 9
FB4           0/18        0/54        0/90       0/ 7
             -----       -----       -----      -----    
             10/72       10/216      15/360     14/34 

* - Resource is exhausted

** Global Control Resources **

Global clock net(s) unused.
Global output enable net(s) unused.
Global set/reset net(s) unused.

** Pin Resources **

Signal Type    Required     Mapped  |  Pin Type            Used    Total 
------------------------------------|------------------------------------
Input         :    5           5    |  I/O              :     8      28
Output        :    9           9    |  GCK/IO           :     3       3
Bidirectional :    0           0    |  GTS/IO           :     2       2
GCK           :    0           0    |  GSR/IO           :     1       1
GTS           :    0           0    |
GSR           :    0           0    |
                 ----        ----
        Total     14          14

** Power Data **

There are 10 macrocells in high performance mode (MCHP).
There are 0 macrocells in low power mode (MCLP).
End of Mapped Resource Summary
**************************  Errors and Warnings  ***************************

WARNING:Cpld - Unable to retrieve the path to the iSE Project Repository. Will
   use the default filename of 'board_6803.ise'.
INFO:Cpld - Inferring BUFG constraint for signal 'nRST' based upon the LOC
   constraint 'P44'. It is recommended that you declare this BUFG explicitedly
   in your design. Note that for certain device families the output of a BUFG
   constraint can not drive a gated clock, and the BUFG constraint will be
   ignored.
WARNING:Cpld:1007 - Removing unused input(s) 'A<10>'.  The input(s) are unused
   after optimization. Please verify functionality via simulation.
WARNING:Cpld:1007 - Removing unused input(s) 'A<11>'.  The input(s) are unused
   after optimization. Please verify functionality via simulation.
WARNING:Cpld:1007 - Removing unused input(s) 'A<12>'.  The input(s) are unused
   after optimization. Please verify functionality via simulation.
WARNING:Cpld:1007 - Removing unused input(s) 'A<13>'.  The input(s) are unused
   after optimization. Please verify functionality via simulation.
WARNING:Cpld:1007 - Removing unused input(s) 'A<14>'.  The input(s) are unused
   after optimization. Please verify functionality via simulation.
WARNING:Cpld:1007 - Removing unused input(s) 'A<15>'.  The input(s) are unused
   after optimization. Please verify functionality via simulation.
WARNING:Cpld:1007 - Removing unused input(s) 'A<1>'.  The input(s) are unused
   after optimization. Please verify functionality via simulation.
WARNING:Cpld:1007 - Removing unused input(s) 'A<2>'.  The input(s) are unused
   after optimization. Please verify functionality via simulation.
WARNING:Cpld:1007 - Removing unused input(s) 'A<3>'.  The input(s) are unused
   after optimization. Please verify functionality via simulation.
WARNING:Cpld:1007 - Removing unused input(s) 'A<4>'.  The input(s) are unused
   after optimization. Please verify functionality via simulation.
WARNING:Cpld:1007 - Removing unused input(s) 'A<5>'.  The input(s) are unused
   after optimization. Please verify functionality via simulation.
WARNING:Cpld:1007 - Removing unused input(s) 'A<6>'.  The input(s) are unused
   after optimization. Please verify functionality via simulation.
WARNING:Cpld:1007 - Removing unused input(s) 'A<7>'.  The input(s) are unused
   after optimization. Please verify functionality via simulation.
WARNING:Cpld:1007 - Removing unused input(s) 'A<8>'.  The input(s) are unused
   after optimization. Please verify functionality via simulation.
WARNING:Cpld:1007 - Removing unused input(s) 'A<9>'.  The input(s) are unused
   after optimization. Please verify functionality via simulation.
WARNING:Cpld:1007 - Removing unused input(s) 'BA'.  The input(s) are unused
   after optimization. Please verify functionality via simulation.
WARNING:Cpld:1007 - Removing unused input(s) 'MOSI'.  The input(s) are unused
   after optimization. Please verify functionality via simulation.
WARNING:Cpld:1007 - Removing unused input(s) 'SCK'.  The input(s) are unused
   after optimization. Please verify functionality via simulation.
WARNING:Cpld:1007 - Removing unused input(s) 'VMA'.  The input(s) are unused
   after optimization. Please verify functionality via simulation.
WARNING:Cpld:1007 - Removing unused input(s) 'nMR'.  The input(s) are unused
   after optimization. Please verify functionality via simulation.
WARNING:Cpld:1239 - The global clock designation (BUFG) on signal 'nRST_IBUF' is
   ignored. Most likely the signal is gated and therefore cannot be used as a
   global control signal.
*************************  Summary of Mapped Logic  ************************

** 9 Outputs **

Signal              Total Total Loc     Pin  Pin     Pin     Pwr  Slew Reg Init
Name                Pts   Inps          No.  Type    Use     Mode Rate State
E_Out               1     1     FB1_5   40   I/O     O       STD  FAST 
nHALT               2     2     FB1_6   41   I/O     O       STD  FAST RESET
nBUSFREE            1     2     FB1_9   43   GCK/I/O O       STD  FAST 
PH0                 2     4     FB1_14  1    GCK/I/O O       STD  FAST RESET
nPH0                3     4     FB1_15  2    I/O     O       STD  FAST SET
nDOE                1     2     FB2_6   31   I/O     O       STD  FAST 
nAOE                1     2     FB2_8   32   I/O     O       STD  FAST 
nMWR                1     2     FB2_9   33   GSR/I/O O       STD  FAST 
nMRD                1     2     FB2_11  34   GTS/I/O O       STD  FAST 

** 1 Buried Nodes **

Signal              Total Total Loc     Pwr  Reg Init
Name                Pts   Inps          Mode State
s_ELEVEL            2     2     FB2_18  STD  SET

** 5 Inputs **

Signal              Loc     Pin  Pin     Pin     
Name                        No.  Type    Use     
nRST                FB1_11  44   GCK/I/O I
CLKF                FB1_17  3    I/O     I
nHALT_in            FB2_5   30   I/O     I
RnW                 FB2_14  36   GTS/I/O I
E_CPU               FB2_15  37   I/O     I

Legend:
Pin No. - ~ - User Assigned
**************************  Function Block Details  ************************
Legend:
Total Pt     - Total product terms used by the macrocell signal
Imp Pt       - Product terms imported from other macrocells
Exp Pt       - Product terms exported to other macrocells
               in direction shown
Unused Pt    - Unused local product terms remaining in macrocell
Loc          - Location where logic was mapped in device
Pin Type/Use - I  - Input             GCK - Global Clock
               O  - Output            GTS - Global Output Enable
              (b) - Buried macrocell  GSR - Global Set/Reset
X            - Signal used as input to the macrocell logic.
Pin No.      - ~  - User Assigned
*********************************** FB1  ***********************************
Number of function block inputs used/remaining:               6/48
Number of signals used by logic mapping into function block:  6
Signal              Total   Imp   Exp Unused  Loc     Pin   Pin     Pin
Name                Pt      Pt    Pt  Pt               #    Type    Use
(unused)              0       0     0   5     FB1_1         (b)     
(unused)              0       0     0   5     FB1_2   39    I/O     
(unused)              0       0     0   5     FB1_3         (b)     
(unused)              0       0     0   5     FB1_4         (b)     
E_Out                 1       0     0   4     FB1_5   40    I/O     O
nHALT                 2       0     0   3     FB1_6   41    I/O     O
(unused)              0       0     0   5     FB1_7         (b)     
(unused)              0       0     0   5     FB1_8   42    I/O     
nBUSFREE              1       0     0   4     FB1_9   43    GCK/I/O O
(unused)              0       0     0   5     FB1_10        (b)     
(unused)              0       0     0   5     FB1_11  44    GCK/I/O I
(unused)              0       0     0   5     FB1_12        (b)     
(unused)              0       0     0   5     FB1_13        (b)     
PH0                   2       0     0   3     FB1_14  1     GCK/I/O O
nPH0                  3       0     0   2     FB1_15  2     I/O     O
(unused)              0       0     0   5     FB1_16        (b)     
(unused)              0       0     0   5     FB1_17  3     I/O     I
(unused)              0       0     0   5     FB1_18        (b)     

Signals Used by Logic in Function Block
  1: CLKF               3: PH0                5: nRST 
  2: E_CPU              4: nHALT_in           6: s_ELEVEL 

Signal                        1         2         3         4 FB
Name                0----+----0----+----0----+----0----+----0 Inputs
E_Out                .X...................................... 1
nHALT                .X.X.................................... 2
nBUSFREE             .X..X................................... 2
PH0                  XXX..X.................................. 4
nPH0                 XXX..X.................................. 4
                    0----+----1----+----2----+----3----+----4
                              0         0         0         0
*********************************** FB2  ***********************************
Number of function block inputs used/remaining:               4/50
Number of signals used by logic mapping into function block:  4
Signal              Total   Imp   Exp Unused  Loc     Pin   Pin     Pin
Name                Pt      Pt    Pt  Pt               #    Type    Use
(unused)              0       0     0   5     FB2_1         (b)     
(unused)              0       0     0   5     FB2_2   29    I/O     
(unused)              0       0     0   5     FB2_3         (b)     
(unused)              0       0     0   5     FB2_4         (b)     
(unused)              0       0     0   5     FB2_5   30    I/O     I
nDOE                  1       0     0   4     FB2_6   31    I/O     O
(unused)              0       0     0   5     FB2_7         (b)     
nAOE                  1       0     0   4     FB2_8   32    I/O     O
nMWR                  1       0     0   4     FB2_9   33    GSR/I/O O
(unused)              0       0     0   5     FB2_10        (b)     
nMRD                  1       0     0   4     FB2_11  34    GTS/I/O O
(unused)              0       0     0   5     FB2_12        (b)     
(unused)              0       0     0   5     FB2_13        (b)     
(unused)              0       0     0   5     FB2_14  36    GTS/I/O I
(unused)              0       0     0   5     FB2_15  37    I/O     I
(unused)              0       0     0   5     FB2_16        (b)     
(unused)              0       0     0   5     FB2_17  38    I/O     
s_ELEVEL              2       0     0   3     FB2_18        (b)     (b)

Signals Used by Logic in Function Block
  1: CLKF               3: RnW                4: nRST 
  2: E_CPU            

Signal                        1         2         3         4 FB
Name                0----+----0----+----0----+----0----+----0 Inputs
nDOE                 .X.X.................................... 2
nAOE                 .X.X.................................... 2
nMWR                 .XX..................................... 2
nMRD                 .XX..................................... 2
s_ELEVEL             XX...................................... 2
                    0----+----1----+----2----+----3----+----4
                              0         0         0         0
*********************************** FB3  ***********************************
Number of function block inputs used/remaining:               0/54
Number of signals used by logic mapping into function block:  0
Signal              Total   Imp   Exp Unused  Loc     Pin   Pin     Pin
Name                Pt      Pt    Pt  Pt               #    Type    Use
(unused)              0       0     0   5     FB3_1         (b)     
(unused)              0       0     0   5     FB3_2   5     I/O     
(unused)              0       0     0   5     FB3_3         (b)     
(unused)              0       0     0   5     FB3_4         (b)     
(unused)              0       0     0   5     FB3_5   6     I/O     
(unused)              0       0     0   5     FB3_6         (b)     
(unused)              0       0     0   5     FB3_7         (b)     
(unused)              0       0     0   5     FB3_8   7     I/O     
(unused)              0       0     0   5     FB3_9   8     I/O     
(unused)              0       0     0   5     FB3_10        (b)     
(unused)              0       0     0   5     FB3_11  12    I/O     
(unused)              0       0     0   5     FB3_12        (b)     
(unused)              0       0     0   5     FB3_13        (b)     
(unused)              0       0     0   5     FB3_14  13    I/O     
(unused)              0       0     0   5     FB3_15  14    I/O     
(unused)              0       0     0   5     FB3_16  18    I/O     
(unused)              0       0     0   5     FB3_17  16    I/O     
(unused)              0       0     0   5     FB3_18        (b)     
*********************************** FB4  ***********************************
Number of function block inputs used/remaining:               0/54
Number of signals used by logic mapping into function block:  0
Signal              Total   Imp   Exp Unused  Loc     Pin   Pin     Pin
Name                Pt      Pt    Pt  Pt               #    Type    Use
(unused)              0       0     0   5     FB4_1         (b)     
(unused)              0       0     0   5     FB4_2   19    I/O     
(unused)              0       0     0   5     FB4_3         (b)     
(unused)              0       0     0   5     FB4_4         (b)     
(unused)              0       0     0   5     FB4_5   20    I/O     
(unused)              0       0     0   5     FB4_6         (b)     
(unused)              0       0     0   5     FB4_7         (b)     
(unused)              0       0     0   5     FB4_8   21    I/O     
(unused)              0       0     0   5     FB4_9         (b)     
(unused)              0       0     0   5     FB4_10        (b)     
(unused)              0       0     0   5     FB4_11  22    I/O     
(unused)              0       0     0   5     FB4_12        (b)     
(unused)              0       0     0   5     FB4_13        (b)     
(unused)              0       0     0   5     FB4_14  23    I/O     
(unused)              0       0     0   5     FB4_15  27    I/O     
(unused)              0       0     0   5     FB4_16        (b)     
(unused)              0       0     0   5     FB4_17  28    I/O     
(unused)              0       0     0   5     FB4_18        (b)     
*******************************  Equations  ********************************

********** Mapped Logic **********


E_Out <= E_CPU;

FTCPE_PH0: FTCPE port map (PH0,PH0_T,CLKF,'0','0');
PH0_T <= (NOT s_ELEVEL AND PH0 AND E_CPU);


nAOE <= NOT ((nRST AND E_CPU));


nBUSFREE <= (nRST AND E_CPU);


nDOE <= NOT ((nRST AND E_CPU));

FDCPE_nHALT: FDCPE port map (nHALT,nHALT_in,E_CPU,'0','0');


nMRD <= NOT ((E_CPU AND RnW));


nMWR <= NOT ((E_CPU AND NOT RnW));

FDCPE_nPH0: FDCPE port map (nPH0,nPH0_D,CLKF,'0','0');
nPH0_D <= ((NOT PH0)
	OR (NOT s_ELEVEL AND E_CPU));

FDCPE_s_ELEVEL: FDCPE port map (s_ELEVEL,E_CPU,CLKF,'0','0');

Register Legend:
 FDCPE (Q,D,C,CLR,PRE,CE); 
 FTCPE (Q,D,C,CLR,PRE,CE); 
 LDCP  (Q,D,G,CLR,PRE); 

******************************  Device Pin Out *****************************

Device : XC9572XL-10-VQ44


   --------------------------------  
  /44 43 42 41 40 39 38 37 36 35 34 \
 | 1                             33 | 
 | 2                             32 | 
 | 3                             31 | 
 | 4                             30 | 
 | 5        XC9572XL-10-VQ44     29 | 
 | 6                             28 | 
 | 7                             27 | 
 | 8                             26 | 
 | 9                             25 | 
 | 10                            24 | 
 | 11                            23 | 
 \ 12 13 14 15 16 17 18 19 20 21 22 /
   --------------------------------  


Pin Signal                         Pin Signal                        
No. Name                           No. Name                          
  1 PH0                              23 KPR                           
  2 nPH0                             24 TDO                           
  3 CLKF                             25 GND                           
  4 GND                              26 VCC                           
  5 KPR                              27 KPR                           
  6 KPR                              28 KPR                           
  7 KPR                              29 KPR                           
  8 KPR                              30 nHALT_in                      
  9 TDI                              31 nDOE                          
 10 TMS                              32 nAOE                          
 11 TCK                              33 nMWR                          
 12 KPR                              34 nMRD                          
 13 KPR                              35 VCC                           
 14 KPR                              36 RnW                           
 15 VCC                              37 E_CPU                         
 16 KPR                              38 KPR                           
 17 GND                              39 KPR                           
 18 KPR                              40 E_Out                         
 19 KPR                              41 nHALT                         
 20 KPR                              42 KPR                           
 21 KPR                              43 nBUSFREE                      
 22 KPR                              44 nRST                          


Legend :  NC  = Not Connected, unbonded pin
         PGND = Unused I/O configured as additional Ground pin
         TIE  = Unused I/O floating -- must tie to VCC, GND or other signal
         KPR  = Unused I/O with weak keeper (leave unconnected)
         VCC  = Dedicated Power Pin
         GND  = Dedicated Ground Pin
         TDI  = Test Data In, JTAG pin
         TDO  = Test Data Out, JTAG pin
         TCK  = Test Clock, JTAG pin
         TMS  = Test Mode Select, JTAG pin
  PROHIBITED  = User reserved pin
****************************  Compiler Options  ****************************

Following is a list of all global compiler options used by the fitter run.

Device(s) Specified                         : XC9572XL-10-VQ44
Optimization Method                         : SPEED
Multi-Level Logic Optimization              : ON
Ignore Timing Specifications                : OFF
Default Register Power Up Value             : LOW
Keep User Location Constraints              : ON
What-You-See-Is-What-You-Get                : OFF
Exhaustive Fitting                          : OFF
Keep Unused Inputs                          : OFF
Slew Rate                                   : FAST
Power Mode                                  : STD
Ground on Unused IOs                        : OFF
Set I/O Pin Termination                     : KEEPER
Global Clock Optimization                   : ON
Global Set/Reset Optimization               : ON
Global Ouput Enable Optimization            : ON
Input Limit                                 : 54
Pterm Limit                                 : 25
