Analysis & Synthesis report for dream6800_max2
Thu Sep 21 20:20:02 2023
Quartus II 64-Bit Version 13.0.1 Build 232 06/12/2013 Service Pack 1 SJ Web Edition


---------------------
; Table of Contents ;
---------------------
  1. Legal Notice
  2. Analysis & Synthesis Summary
  3. Analysis & Synthesis Settings
  4. Parallel Compilation
  5. Analysis & Synthesis Source Files Read
  6. Analysis & Synthesis Resource Usage Summary
  7. Analysis & Synthesis Resource Utilization by Entity
  8. Registers Removed During Synthesis
  9. General Register Statistics
 10. Port Connectivity Checks: "CD4014:SR|dff1:FF7"
 11. Port Connectivity Checks: "CD4014:SR|dff1:FF6"
 12. Port Connectivity Checks: "CD4014:SR|dff1:FF5"
 13. Port Connectivity Checks: "CD4014:SR|dff1:FF4"
 14. Port Connectivity Checks: "CD4014:SR|dff1:FF3"
 15. Port Connectivity Checks: "CD4014:SR|dff1:FF2"
 16. Port Connectivity Checks: "CD4014:SR|dff1:FF1"
 17. Port Connectivity Checks: "CD4014:SR|dff1:FF0"
 18. Port Connectivity Checks: "CD4014:SR"
 19. Analysis & Synthesis Messages



----------------
; Legal Notice ;
----------------
Copyright (C) 1991-2013 Altera Corporation
Your use of Altera Corporation's design tools, logic functions 
and other software and tools, and its AMPP partner logic 
functions, and any output files from any of the foregoing 
(including device programming or simulation files), and any 
associated documentation or information are expressly subject 
to the terms and conditions of the Altera Program License 
Subscription Agreement, Altera MegaCore Function License 
Agreement, or other applicable license agreement, including, 
without limitation, that your use is for the sole purpose of 
programming logic devices manufactured by Altera and sold by 
Altera or its authorized distributors.  Please refer to the 
applicable agreement for further details.



+-------------------------------------------------------------------------------+
; Analysis & Synthesis Summary                                                  ;
+-----------------------------+-------------------------------------------------+
; Analysis & Synthesis Status ; Successful - Thu Sep 21 20:20:02 2023           ;
; Quartus II 64-Bit Version   ; 13.0.1 Build 232 06/12/2013 SP 1 SJ Web Edition ;
; Revision Name               ; dream6800_max2                                  ;
; Top-level Entity Name       ; dream6800_video                                 ;
; Family                      ; MAX II                                          ;
; Total logic elements        ; 53                                              ;
; Total pins                  ; 33                                              ;
; Total virtual pins          ; 0                                               ;
; UFM blocks                  ; 0 / 1 ( 0 % )                                   ;
+-----------------------------+-------------------------------------------------+


+----------------------------------------------------------------------------------------------------------------------+
; Analysis & Synthesis Settings                                                                                        ;
+----------------------------------------------------------------------------+--------------------+--------------------+
; Option                                                                     ; Setting            ; Default Value      ;
+----------------------------------------------------------------------------+--------------------+--------------------+
; Top-level entity name                                                      ; dream6800_video    ; dream6800_max2     ;
; Family name                                                                ; MAX II             ; Cyclone IV GX      ;
; Use smart compilation                                                      ; Off                ; Off                ;
; Enable parallel Assembler and TimeQuest Timing Analyzer during compilation ; On                 ; On                 ;
; Enable compact report table                                                ; Off                ; Off                ;
; Restructure Multiplexers                                                   ; Auto               ; Auto               ;
; Create Debugging Nodes for IP Cores                                        ; Off                ; Off                ;
; Preserve fewer node names                                                  ; On                 ; On                 ;
; Disable OpenCore Plus hardware evaluation                                  ; Off                ; Off                ;
; Verilog Version                                                            ; Verilog_2001       ; Verilog_2001       ;
; VHDL Version                                                               ; VHDL_1993          ; VHDL_1993          ;
; State Machine Processing                                                   ; Auto               ; Auto               ;
; Safe State Machine                                                         ; Off                ; Off                ;
; Extract Verilog State Machines                                             ; On                 ; On                 ;
; Extract VHDL State Machines                                                ; On                 ; On                 ;
; Ignore Verilog initial constructs                                          ; Off                ; Off                ;
; Iteration limit for constant Verilog loops                                 ; 5000               ; 5000               ;
; Iteration limit for non-constant Verilog loops                             ; 250                ; 250                ;
; Add Pass-Through Logic to Inferred RAMs                                    ; On                 ; On                 ;
; Infer RAMs from Raw Logic                                                  ; On                 ; On                 ;
; Parallel Synthesis                                                         ; On                 ; On                 ;
; NOT Gate Push-Back                                                         ; On                 ; On                 ;
; Power-Up Don't Care                                                        ; On                 ; On                 ;
; Remove Redundant Logic Cells                                               ; Off                ; Off                ;
; Remove Duplicate Registers                                                 ; On                 ; On                 ;
; Ignore CARRY Buffers                                                       ; Off                ; Off                ;
; Ignore CASCADE Buffers                                                     ; Off                ; Off                ;
; Ignore GLOBAL Buffers                                                      ; Off                ; Off                ;
; Ignore ROW GLOBAL Buffers                                                  ; Off                ; Off                ;
; Ignore LCELL Buffers                                                       ; Off                ; Off                ;
; Ignore SOFT Buffers                                                        ; On                 ; On                 ;
; Limit AHDL Integers to 32 Bits                                             ; Off                ; Off                ;
; Optimization Technique                                                     ; Balanced           ; Balanced           ;
; Carry Chain Length                                                         ; 70                 ; 70                 ;
; Auto Carry Chains                                                          ; On                 ; On                 ;
; Auto Open-Drain Pins                                                       ; On                 ; On                 ;
; Perform WYSIWYG Primitive Resynthesis                                      ; Off                ; Off                ;
; Auto Shift Register Replacement                                            ; Auto               ; Auto               ;
; Allow Shift Register Merging across Hierarchies                            ; Auto               ; Auto               ;
; Auto Clock Enable Replacement                                              ; On                 ; On                 ;
; Allow Synchronous Control Signals                                          ; On                 ; On                 ;
; Force Use of Synchronous Clear Signals                                     ; Off                ; Off                ;
; Auto Resource Sharing                                                      ; Off                ; Off                ;
; Use LogicLock Constraints during Resource Balancing                        ; On                 ; On                 ;
; Ignore translate_off and synthesis_off directives                          ; Off                ; Off                ;
; Report Parameter Settings                                                  ; On                 ; On                 ;
; Report Source Assignments                                                  ; On                 ; On                 ;
; Report Connectivity Checks                                                 ; On                 ; On                 ;
; Ignore Maximum Fan-Out Assignments                                         ; Off                ; Off                ;
; Synchronization Register Chain Length                                      ; 2                  ; 2                  ;
; PowerPlay Power Optimization                                               ; Normal compilation ; Normal compilation ;
; HDL message level                                                          ; Level2             ; Level2             ;
; Suppress Register Optimization Related Messages                            ; Off                ; Off                ;
; Number of Removed Registers Reported in Synthesis Report                   ; 5000               ; 5000               ;
; Number of Swept Nodes Reported in Synthesis Report                         ; 5000               ; 5000               ;
; Number of Inverted Registers Reported in Synthesis Report                  ; 100                ; 100                ;
; Clock MUX Protection                                                       ; On                 ; On                 ;
; Block Design Naming                                                        ; Auto               ; Auto               ;
; Synthesis Effort                                                           ; Auto               ; Auto               ;
; Shift Register Replacement - Allow Asynchronous Clear Signal               ; On                 ; On                 ;
; Pre-Mapping Resynthesis Optimization                                       ; Off                ; Off                ;
; Analysis & Synthesis Message Level                                         ; Medium             ; Medium             ;
; Disable Register Merging Across Hierarchies                                ; Auto               ; Auto               ;
; Synthesis Seed                                                             ; 1                  ; 1                  ;
+----------------------------------------------------------------------------+--------------------+--------------------+


Parallel compilation was disabled, but you have multiple processors available. Enable parallel compilation to reduce compilation time.
+-------------------------------------+
; Parallel Compilation                ;
+----------------------------+--------+
; Processors                 ; Number ;
+----------------------------+--------+
; Number detected on machine ; 8      ;
; Maximum allowed            ; 1      ;
+----------------------------+--------+


+---------------------------------------------------------------------------------------------------------------------------------------------------------------------------------------------+
; Analysis & Synthesis Source Files Read                                                                                                                                                      ;
+-------------------------------------+-----------------+-----------------+---------------------------------------------------------------------------------------------------------+---------+
; File Name with User-Entered Path    ; Used in Netlist ; File Type       ; File Name with Absolute Path                                                                            ; Library ;
+-------------------------------------+-----------------+-----------------+---------------------------------------------------------------------------------------------------------+---------+
; dream6800_max2.vhd                  ; yes             ; User VHDL File  ; /home/rob/Data/rob/Projects/Unicomp2/CPLD_board/cpld firmware max_II/dream6800_video/dream6800_max2.vhd ;         ;
; ../../../vhdl_components/CD4014.vhd ; yes             ; User VHDL File  ; /home/rob/Data/rob/Projects/Unicomp2/vhdl_components/CD4014.vhd                                         ;         ;
; ../../../vhdl_components/dff1.vhd   ; yes             ; User VHDL File  ; /home/rob/Data/rob/Projects/Unicomp2/vhdl_components/dff1.vhd                                           ;         ;
+-------------------------------------+-----------------+-----------------+---------------------------------------------------------------------------------------------------------+---------+


+-----------------------------------------------------+
; Analysis & Synthesis Resource Usage Summary         ;
+---------------------------------------------+-------+
; Resource                                    ; Usage ;
+---------------------------------------------+-------+
; Total logic elements                        ; 53    ;
;     -- Combinational with no register       ; 13    ;
;     -- Register only                        ; 1     ;
;     -- Combinational with a register        ; 39    ;
;                                             ;       ;
; Logic element usage by number of LUT inputs ;       ;
;     -- 4 input functions                    ; 10    ;
;     -- 3 input functions                    ; 11    ;
;     -- 2 input functions                    ; 27    ;
;     -- 1 input functions                    ; 4     ;
;     -- 0 input functions                    ; 0     ;
;                                             ;       ;
; Logic elements by mode                      ;       ;
;     -- normal mode                          ; 31    ;
;     -- arithmetic mode                      ; 22    ;
;     -- qfbk mode                            ; 0     ;
;     -- register cascade mode                ; 0     ;
;     -- synchronous clear/load mode          ; 18    ;
;     -- asynchronous clear/load mode         ; 0     ;
;                                             ;       ;
; Total registers                             ; 40    ;
; Total logic cells in carry chains           ; 25    ;
; I/O pins                                    ; 33    ;
; Maximum fan-out node                        ; ph0   ;
; Maximum fan-out                             ; 32    ;
; Total fan-out                               ; 209   ;
; Average fan-out                             ; 2.43  ;
+---------------------------------------------+-------+


+--------------------------------------------------------------------------------------------------------------------------------------------------------------------------------------------------------------------------------------+
; Analysis & Synthesis Resource Utilization by Entity                                                                                                                                                                                  ;
+----------------------------+-------------+--------------+------------+------+--------------+--------------+-------------------+------------------+-----------------+------------+-------------------------------------+--------------+
; Compilation Hierarchy Node ; Logic Cells ; LC Registers ; UFM Blocks ; Pins ; Virtual Pins ; LUT-Only LCs ; Register-Only LCs ; LUT/Register LCs ; Carry Chain LCs ; Packed LCs ; Full Hierarchy Name                 ; Library Name ;
+----------------------------+-------------+--------------+------------+------+--------------+--------------+-------------------+------------------+-----------------+------------+-------------------------------------+--------------+
; |dream6800_video           ; 53 (45)     ; 40           ; 0          ; 33   ; 0            ; 13 (13)      ; 1 (1)             ; 39 (31)          ; 25 (25)         ; 0 (0)      ; |dream6800_video                    ; work         ;
;    |CD4014:SR|             ; 8 (0)       ; 8            ; 0          ; 0    ; 0            ; 0 (0)        ; 0 (0)             ; 8 (0)            ; 0 (0)           ; 0 (0)      ; |dream6800_video|CD4014:SR          ; work         ;
;       |dff1:FF0|           ; 1 (1)       ; 1            ; 0          ; 0    ; 0            ; 0 (0)        ; 0 (0)             ; 1 (1)            ; 0 (0)           ; 0 (0)      ; |dream6800_video|CD4014:SR|dff1:FF0 ; work         ;
;       |dff1:FF1|           ; 1 (1)       ; 1            ; 0          ; 0    ; 0            ; 0 (0)        ; 0 (0)             ; 1 (1)            ; 0 (0)           ; 0 (0)      ; |dream6800_video|CD4014:SR|dff1:FF1 ; work         ;
;       |dff1:FF2|           ; 1 (1)       ; 1            ; 0          ; 0    ; 0            ; 0 (0)        ; 0 (0)             ; 1 (1)            ; 0 (0)           ; 0 (0)      ; |dream6800_video|CD4014:SR|dff1:FF2 ; work         ;
;       |dff1:FF3|           ; 1 (1)       ; 1            ; 0          ; 0    ; 0            ; 0 (0)        ; 0 (0)             ; 1 (1)            ; 0 (0)           ; 0 (0)      ; |dream6800_video|CD4014:SR|dff1:FF3 ; work         ;
;       |dff1:FF4|           ; 1 (1)       ; 1            ; 0          ; 0    ; 0            ; 0 (0)        ; 0 (0)             ; 1 (1)            ; 0 (0)           ; 0 (0)      ; |dream6800_video|CD4014:SR|dff1:FF4 ; work         ;
;       |dff1:FF5|           ; 1 (1)       ; 1            ; 0          ; 0    ; 0            ; 0 (0)        ; 0 (0)             ; 1 (1)            ; 0 (0)           ; 0 (0)      ; |dream6800_video|CD4014:SR|dff1:FF5 ; work         ;
;       |dff1:FF6|           ; 1 (1)       ; 1            ; 0          ; 0    ; 0            ; 0 (0)        ; 0 (0)             ; 1 (1)            ; 0 (0)           ; 0 (0)      ; |dream6800_video|CD4014:SR|dff1:FF6 ; work         ;
;       |dff1:FF7|           ; 1 (1)       ; 1            ; 0          ; 0    ; 0            ; 0 (0)        ; 0 (0)             ; 1 (1)            ; 0 (0)           ; 0 (0)      ; |dream6800_video|CD4014:SR|dff1:FF7 ; work         ;
+----------------------------+-------------+--------------+------------+------+--------------+--------------+-------------------+------------------+-----------------+------------+-------------------------------------+--------------+
Note: For table entries with two numbers listed, the numbers in parentheses indicate the number of resources of the given type used by the specific entity alone. The numbers listed outside of parentheses indicate the total resources of the given type used by the specific entity and all of its sub-entities in the hierarchy.


+----------------------------------------------------------------+
; Registers Removed During Synthesis                             ;
+---------------------------------------+------------------------+
; Register name                         ; Reason for Removal     ;
+---------------------------------------+------------------------+
; pattern[2,4,6]                        ; Merged with pattern[0] ;
; pattern[0,3,5,7]                      ; Merged with pattern[1] ;
; patterncnt[2]                         ; Lost fanout            ;
; Total Number of Removed Registers = 8 ;                        ;
+---------------------------------------+------------------------+


+------------------------------------------------------+
; General Register Statistics                          ;
+----------------------------------------------+-------+
; Statistic                                    ; Value ;
+----------------------------------------------+-------+
; Total registers                              ; 40    ;
; Number of registers using Synchronous Clear  ; 18    ;
; Number of registers using Synchronous Load   ; 0     ;
; Number of registers using Asynchronous Clear ; 0     ;
; Number of registers using Asynchronous Load  ; 0     ;
; Number of registers using Clock Enable       ; 14    ;
; Number of registers using Preset             ; 0     ;
+----------------------------------------------+-------+


+------------------------------------------------+
; Port Connectivity Checks: "CD4014:SR|dff1:FF7" ;
+------+-------+----------+----------------------+
; Port ; Type  ; Severity ; Details              ;
+------+-------+----------+----------------------+
; pre  ; Input ; Info     ; Stuck at VCC         ;
; clr  ; Input ; Info     ; Stuck at VCC         ;
+------+-------+----------+----------------------+


+------------------------------------------------+
; Port Connectivity Checks: "CD4014:SR|dff1:FF6" ;
+------+-------+----------+----------------------+
; Port ; Type  ; Severity ; Details              ;
+------+-------+----------+----------------------+
; pre  ; Input ; Info     ; Stuck at VCC         ;
; clr  ; Input ; Info     ; Stuck at VCC         ;
+------+-------+----------+----------------------+


+------------------------------------------------+
; Port Connectivity Checks: "CD4014:SR|dff1:FF5" ;
+------+-------+----------+----------------------+
; Port ; Type  ; Severity ; Details              ;
+------+-------+----------+----------------------+
; pre  ; Input ; Info     ; Stuck at VCC         ;
; clr  ; Input ; Info     ; Stuck at VCC         ;
+------+-------+----------+----------------------+


+------------------------------------------------+
; Port Connectivity Checks: "CD4014:SR|dff1:FF4" ;
+------+-------+----------+----------------------+
; Port ; Type  ; Severity ; Details              ;
+------+-------+----------+----------------------+
; pre  ; Input ; Info     ; Stuck at VCC         ;
; clr  ; Input ; Info     ; Stuck at VCC         ;
+------+-------+----------+----------------------+


+------------------------------------------------+
; Port Connectivity Checks: "CD4014:SR|dff1:FF3" ;
+------+-------+----------+----------------------+
; Port ; Type  ; Severity ; Details              ;
+------+-------+----------+----------------------+
; pre  ; Input ; Info     ; Stuck at VCC         ;
; clr  ; Input ; Info     ; Stuck at VCC         ;
+------+-------+----------+----------------------+


+------------------------------------------------+
; Port Connectivity Checks: "CD4014:SR|dff1:FF2" ;
+------+-------+----------+----------------------+
; Port ; Type  ; Severity ; Details              ;
+------+-------+----------+----------------------+
; pre  ; Input ; Info     ; Stuck at VCC         ;
; clr  ; Input ; Info     ; Stuck at VCC         ;
+------+-------+----------+----------------------+


+------------------------------------------------+
; Port Connectivity Checks: "CD4014:SR|dff1:FF1" ;
+------+-------+----------+----------------------+
; Port ; Type  ; Severity ; Details              ;
+------+-------+----------+----------------------+
; pre  ; Input ; Info     ; Stuck at VCC         ;
; clr  ; Input ; Info     ; Stuck at VCC         ;
+------+-------+----------+----------------------+


+------------------------------------------------+
; Port Connectivity Checks: "CD4014:SR|dff1:FF0" ;
+------+-------+----------+----------------------+
; Port ; Type  ; Severity ; Details              ;
+------+-------+----------+----------------------+
; pre  ; Input ; Info     ; Stuck at VCC         ;
; clr  ; Input ; Info     ; Stuck at VCC         ;
+------+-------+----------+----------------------+


+---------------------------------------------------------------------------------------------------------------+
; Port Connectivity Checks: "CD4014:SR"                                                                         ;
+------+-------+----------+-------------------------------------------------------------------------------------+
; Port ; Type  ; Severity ; Details                                                                             ;
+------+-------+----------+-------------------------------------------------------------------------------------+
; qnot ; Bidir ; Warning  ; Connected to dangling logic. Logic that only feeds a dangling port will be removed. ;
+------+-------+----------+-------------------------------------------------------------------------------------+


+-------------------------------+
; Analysis & Synthesis Messages ;
+-------------------------------+
Info: *******************************************************************
Info: Running Quartus II 64-Bit Analysis & Synthesis
    Info: Version 13.0.1 Build 232 06/12/2013 Service Pack 1 SJ Web Edition
    Info: Copyright (C) 1991-2013 Altera Corporation. All rights reserved.
    Info: Your use of Altera Corporation's design tools, logic functions 
    Info: and other software and tools, and its AMPP partner logic 
    Info: functions, and any output files from any of the foregoing 
    Info: (including device programming or simulation files), and any 
    Info: associated documentation or information are expressly subject 
    Info: to the terms and conditions of the Altera Program License 
    Info: Subscription Agreement, Altera MegaCore Function License 
    Info: Agreement, or other applicable license agreement, including, 
    Info: without limitation, that your use is for the sole purpose of 
    Info: programming logic devices manufactured by Altera and sold by 
    Info: Altera or its authorized distributors.  Please refer to the 
    Info: applicable agreement for further details.
    Info: Processing started: Thu Sep 21 20:20:01 2023
Info: Command: quartus_map --read_settings_files=on --source=dream6800_max2.vhd --source=../../../vhdl_components/CD4014.vhd --source=../../../vhdl_components/dff1.vhd --source=../../../vhdl_components/ls165.vhd dream6800_max2
Warning (20028): Parallel compilation is not licensed and has been disabled
Info (12021): Found 2 design units, including 1 entities, in source file dream6800_max2.vhd
    Info (12022): Found design unit 1: dream6800_video-Behavioral
    Info (12023): Found entity 1: dream6800_video
Info (12021): Found 2 design units, including 1 entities, in source file /home/rob/Data/rob/Projects/Unicomp2/vhdl_components/CD4014.vhd
    Info (12022): Found design unit 1: CD4014-LogicOperation
    Info (12023): Found entity 1: CD4014
Info (12021): Found 2 design units, including 1 entities, in source file /home/rob/Data/rob/Projects/Unicomp2/vhdl_components/dff1.vhd
    Info (12022): Found design unit 1: dff1-LogicOperation
    Info (12023): Found entity 1: dff1
Info (12021): Found 2 design units, including 1 entities, in source file /home/rob/Data/rob/Projects/Unicomp2/vhdl_components/ls165.vhd
    Info (12022): Found design unit 1: ls165-ls165_body
    Info (12023): Found entity 1: ls165
Info (12127): Elaborating entity "dream6800_video" for the top level hierarchy
Warning (10036): Verilog HDL or VHDL warning at dream6800_max2.vhd(37): object "A_int" assigned a value but never read
Info (12128): Elaborating entity "CD4014" for hierarchy "CD4014:SR"
Info (12128): Elaborating entity "dff1" for hierarchy "CD4014:SR|dff1:FF0"
Warning (12241): 1 hierarchies have connectivity warnings - see the Connectivity Checks report folder
Info (17049): 1 registers lost all their fanouts during netlist optimizations.
Warning (21074): Design contains 9 input pin(s) that do not drive logic
    Warning (15610): No output dependent on input pin "clk50"
    Warning (15610): No output dependent on input pin "D_in[0]"
    Warning (15610): No output dependent on input pin "D_in[1]"
    Warning (15610): No output dependent on input pin "D_in[2]"
    Warning (15610): No output dependent on input pin "D_in[3]"
    Warning (15610): No output dependent on input pin "D_in[4]"
    Warning (15610): No output dependent on input pin "D_in[5]"
    Warning (15610): No output dependent on input pin "D_in[6]"
    Warning (15610): No output dependent on input pin "D_in[7]"
Info (21057): Implemented 86 device resources after synthesis - the final resource count might be different
    Info (21058): Implemented 10 input pins
    Info (21059): Implemented 23 output pins
    Info (21061): Implemented 53 logic cells
Info: Quartus II 64-Bit Analysis & Synthesis was successful. 0 errors, 13 warnings
    Info: Peak virtual memory: 602 megabytes
    Info: Processing ended: Thu Sep 21 20:20:02 2023
    Info: Elapsed time: 00:00:01
    Info: Total CPU time (on all processors): 00:00:01


