ARM GAS  /tmp/ccfZQso5.s 			page 1


   1              	# 1 "../../chibios_trunk/os/common/ports/ARMCMx/compilers/GCC/chcoreasm_v7m.S"
   1              	/*
   1              	...
   0              	
   0              	
   2              	    ChibiOS - Copyright (C) 2006..2018 Giovanni Di Sirio.
   3              	
   4              	    This file is part of ChibiOS.
   5              	
   6              	    ChibiOS is free software; you can redistribute it and/or modify
   7              	    it under the terms of the GNU General Public License as published by
   8              	    the Free Software Foundation; either version 3 of the License, or
   9              	    (at your option) any later version.
  10              	
  11              	    ChibiOS is distributed in the hope that it will be useful,
  12              	    but WITHOUT ANY WARRANTY; without even the implied warranty of
  13              	    MERCHANTABILITY or FITNESS FOR A PARTICULAR PURPOSE.  See the
  14              	    GNU General Public License for more details.
  15              	
  16              	    You should have received a copy of the GNU General Public License
  17              	    along with this program.  If not, see <http://www.gnu.org/licenses/>.
  18              	*/
  19              	
  20              	/**
  21              	 * @file    compilers/GCC/chcoreasm_v7m.S
  22              	 * @brief   ARMv7-M architecture port low level code.
  23              	 *
  24              	 * @addtogroup ARMCMx_GCC_CORE
  25              	 * @{
  26              	 */
  27              	
  28              	#if !defined(FALSE) || defined(__DOXYGEN__)
  29              	#define FALSE   0
  30              	#endif
  31              	
  32              	#if !defined(TRUE) || defined(__DOXYGEN__)
  33              	#define TRUE    1
  34              	#endif
  35              	
  36              	#define _FROM_ASM_
  37              	#include "chlicense.h"
   1              	/*
   2              	    ChibiOS - Copyright (C) 2006..2018 Giovanni Di Sirio.
   3              	
   4              	    This file is part of ChibiOS.
   5              	
   6              	    ChibiOS is free software; you can redistribute it and/or modify
   7              	    it under the terms of the GNU General Public License as published by
   8              	    the Free Software Foundation; either version 3 of the License, or
   9              	    (at your option) any later version.
  10              	
  11              	    ChibiOS is distributed in the hope that it will be useful,
  12              	    but WITHOUT ANY WARRANTY; without even the implied warranty of
  13              	    MERCHANTABILITY or FITNESS FOR A PARTICULAR PURPOSE.  See the
  14              	    GNU General Public License for more details.
  15              	
  16              	    You should have received a copy of the GNU General Public License
ARM GAS  /tmp/ccfZQso5.s 			page 2


  17              	    along with this program.  If not, see <http://www.gnu.org/licenses/>.
  18              	*/
  19              	
  20              	/**
  21              	 * @file    chlicense.h
  22              	 * @brief   License Module macros and structures.
  23              	 *
  24              	 * @addtogroup chibios_license
  25              	 * @details This module contains all the definitions required for defining
  26              	 *          a licensing scheme for customers or public releases.
  27              	 * @{
  28              	 */
  29              	
  30              	#ifndef CHLICENSE_H
  31              	#define CHLICENSE_H
  32              	
  33              	/*===========================================================================*/
  34              	/* Module constants.                                                         */
  35              	/*===========================================================================*/
  36              	
  37              	/**
  38              	 * @name   Allowed Features Levels
  39              	 * @{
  40              	 */
  41              	#define CH_FEATURES_BASIC                   0
  42              	#define CH_FEATURES_INTERMEDIATE            1
  43              	#define CH_FEATURES_FULL                    2
  44              	/** @} */
  45              	
  46              	/**
  47              	 * @name    Deployment Options
  48              	 */
  49              	#define CH_DEPLOY_UNLIMITED                -1
  50              	#define CH_DEPLOY_NONE                      0
  51              	/** @} */
  52              	
  53              	/**
  54              	 * @name    Licensing Options
  55              	 * @{
  56              	 */
  57              	#define CH_LICENSE_GPL                      0
  58              	#define CH_LICENSE_GPL_EXCEPTION            1
  59              	#define CH_LICENSE_COMMERCIAL_FREE          2
  60              	#define CH_LICENSE_COMMERCIAL_DEV_1000      3
  61              	#define CH_LICENSE_COMMERCIAL_DEV_5000      4
  62              	#define CH_LICENSE_COMMERCIAL_FULL          5
  63              	#define CH_LICENSE_COMMERCIAL_RUNTIME       6
  64              	#define CH_LICENSE_PARTNER                  7
  65              	/** @} */
  66              	
  67              	#include "chcustomer.h"
   1              	/*
  68              	#if CH_LICENSE == CH_LICENSE_PARTNER
  38              	#include "chconf.h"
   1              	/*
  39              	#include "chcore.h"
   1              	/*
ARM GAS  /tmp/ccfZQso5.s 			page 3


   2              	    ChibiOS - Copyright (C) 2006..2018 Giovanni Di Sirio.
   3              	
   4              	    This file is part of ChibiOS.
   5              	
   6              	    ChibiOS is free software; you can redistribute it and/or modify
   7              	    it under the terms of the GNU General Public License as published by
   8              	    the Free Software Foundation; either version 3 of the License, or
   9              	    (at your option) any later version.
  10              	
  11              	    ChibiOS is distributed in the hope that it will be useful,
  12              	    but WITHOUT ANY WARRANTY; without even the implied warranty of
  13              	    MERCHANTABILITY or FITNESS FOR A PARTICULAR PURPOSE.  See the
  14              	    GNU General Public License for more details.
  15              	
  16              	    You should have received a copy of the GNU General Public License
  17              	    along with this program.  If not, see <http://www.gnu.org/licenses/>.
  18              	*/
  19              	
  20              	/**
  21              	 * @file    ARMCMx/chcore.h
  22              	 * @brief   ARM Cortex-Mx port macros and structures.
  23              	 *
  24              	 * @addtogroup ARMCMx_CORE
  25              	 * @{
  26              	 */
  27              	
  28              	#ifndef CHCORE_H
  29              	#define CHCORE_H
  30              	
  31              	/*===========================================================================*/
  32              	/* Module constants.                                                         */
  33              	/*===========================================================================*/
  34              	
  35              	/**
  36              	 * @name    Architecture and Compiler
  37              	 * @{
  38              	 */
  39              	/**
  40              	 * @brief   Macro defining a generic ARM architecture.
  41              	 */
  42              	#define PORT_ARCHITECTURE_ARM
  43              	
  44              	/* The following code is not processed when the file is included from an
  45              	   asm module because those intrinsic macros are not necessarily defined
  46              	   by the assembler too.*/
  47              	#if !defined(_FROM_ASM_)
  48              	
  49              	/**
  50              	 * @brief   Compiler name and version.
  51              	 */
  52              	#if defined(__GNUC__) || defined(__DOXYGEN__)
  53              	#define PORT_COMPILER_NAME              "GCC " __VERSION__
  54              	
  55              	#elif defined(__ICCARM__)
  56              	#define PORT_COMPILER_NAME              "IAR"
  57              	
  58              	#elif defined(__CC_ARM)
ARM GAS  /tmp/ccfZQso5.s 			page 4


  59              	#define PORT_COMPILER_NAME              "RVCT"
  60              	
  61              	#else
  62              	#error "unsupported compiler"
  63              	#endif
  64              	
  65              	#endif /* !defined(_FROM_ASM_) */
  66              	
  67              	/** @} */
  68              	
  69              	/* Inclusion of the Cortex-Mx implementation specific parameters.*/
  70              	#include "cmparams.h"
   1              	/*
   2              	    ChibiOS - Copyright (C) 2006..2018 Giovanni Di Sirio
   3              	
   4              	    Licensed under the Apache License, Version 2.0 (the "License");
   5              	    you may not use this file except in compliance with the License.
   6              	    You may obtain a copy of the License at
   7              	
   8              	        http://www.apache.org/licenses/LICENSE-2.0
   9              	
  10              	    Unless required by applicable law or agreed to in writing, software
  11              	    distributed under the License is distributed on an "AS IS" BASIS,
  12              	    WITHOUT WARRANTIES OR CONDITIONS OF ANY KIND, either express or implied.
  13              	    See the License for the specific language governing permissions and
  14              	    limitations under the License.
  15              	*/
  16              	
  17              	/**
  18              	 * @file    STM32F4xx/cmparams.h
  19              	 * @brief   ARM Cortex-M4 parameters for the STM32F4xx.
  20              	 *
  21              	 * @defgroup ARMCMx_STM32F4xx STM32F4xx Specific Parameters
  22              	 * @ingroup ARMCMx_SPECIFIC
  23              	 * @details This file contains the Cortex-M4 specific parameters for the
  24              	 *          STM32F4xx platform.
  25              	 * @{
  26              	 */
  27              	
  28              	#ifndef CMPARAMS_H
  29              	#define CMPARAMS_H
  30              	
  31              	/**
  32              	 * @brief   Cortex core model.
  33              	 */
  34              	#define CORTEX_MODEL            4
  35              	
  36              	/**
  37              	 * @brief   Floating Point unit presence.
  38              	 */
  39              	#define CORTEX_HAS_FPU          1
  40              	
  41              	/**
  42              	 * @brief   Number of bits in priority masks.
  43              	 */
  44              	#define CORTEX_PRIORITY_BITS    4
  45              	
ARM GAS  /tmp/ccfZQso5.s 			page 5


  46              	/* If the device type is not externally defined, for example from the Makefile,
  47              	   then a file named board.h is included. This file must contain a device
  48              	   definition compatible with the vendor include file.*/
  49              	#if !defined(STM32F405xx) && !defined(STM32F415xx) &&                       \
  50              	    !defined(STM32F407xx) && !defined(STM32F417xx) &&                       \
  51              	    !defined(STM32F427xx) && !defined(STM32F437xx) &&                       \
  52              	    !defined(STM32F429xx) && !defined(STM32F439xx) &&                       \
  53              	    !defined(STM32F401xC) && !defined(STM32F401xE) &&                       \
  54              	    !defined(STM32F410Cx) && !defined(STM32F410Rx) &&                       \
  55              	    !defined(STM32F410Tx) &&                                                \
  56              	    !defined(STM32F411xE) &&                                                \
  57              	    !defined(STM32F412Cx) && !defined(STM32F412Rx) &&                       \
  58              	    !defined(STM32F412Vx) && !defined(STM32F412Zx) &&                       \
  59              	    !defined(STM32F413xx) &&                                                \
  60              	    !defined(STM32F446xx) &&                                                \
  61              	    !defined(STM32F469xx) && !defined(STM32F479xx)
  62              	#include "board.h"
   1              	/*
  63              	#endif
  71              	
  72              	/*===========================================================================*/
  73              	/* Module pre-compile time settings.                                         */
  74              	/*===========================================================================*/
  75              	
  76              	/**
  77              	 * @brief   Enables an alternative timer implementation.
  78              	 * @details Usually the port uses a timer interface defined in the file
  79              	 *          @p chcore_timer.h, if this option is enabled then the file
  80              	 *          @p chcore_timer_alt.h is included instead.
  81              	 */
  82              	#if !defined(PORT_USE_ALT_TIMER)
  83              	#define PORT_USE_ALT_TIMER              FALSE
  84              	#endif
  85              	
  86              	/*===========================================================================*/
  87              	/* Derived constants and error checks.                                       */
  88              	/*===========================================================================*/
  89              	
  90              	/*===========================================================================*/
  91              	/* Module data structures and types.                                         */
  92              	/*===========================================================================*/
  93              	
  94              	/* The following code is not processed when the file is included from an
  95              	   asm module.*/
  96              	#if !defined(_FROM_ASM_)
  97              	
  98              	/**
  99              	 * @brief   Type of stack and memory alignment enforcement.
 100              	 * @note    In this architecture the stack alignment is enforced to 64 bits,
 101              	 *          32 bits alignment is supported by hardware but deprecated by ARM,
 102              	 *          the implementation choice is to not offer the option.
 103              	 */
 104              	typedef uint64_t stkalign_t;
 105              	
 106              	/* The following declarations are there just for Doxygen documentation, the
 107              	   real declarations are inside the sub-headers being specific for the
 108              	   sub-architectures.*/
ARM GAS  /tmp/ccfZQso5.s 			page 6


 109              	#if defined(__DOXYGEN__)
 110              	/**
 111              	 * @brief   Interrupt saved context.
 112              	 * @details This structure represents the stack frame saved during a
 113              	 *          preemption-capable interrupt handler.
 114              	 * @note    It is implemented to match the Cortex-Mx exception context.
 115              	 */
 116              	struct port_extctx {};
 117              	
 118              	/**
 119              	 * @brief   System saved context.
 120              	 * @details This structure represents the inner stack frame during a context
 121              	 *          switch.
 122              	 */
 123              	struct port_intctx {};
 124              	
 125              	/**
 126              	 * @brief   Platform dependent part of the @p thread_t structure.
 127              	 * @details In this port the structure just holds a pointer to the
 128              	 *          @p port_intctx structure representing the stack pointer
 129              	 *          at context switch time.
 130              	 */
 131              	struct port_context {};
 132              	#endif /* defined(__DOXYGEN__) */
 133              	
 134              	#endif /* !defined(_FROM_ASM_) */
 135              	
 136              	/*===========================================================================*/
 137              	/* Module macros.                                                            */
 138              	/*===========================================================================*/
 139              	
 140              	/**
 141              	 * @brief   Total priority levels.
 142              	 */
 143              	#define CORTEX_PRIORITY_LEVELS          (1U << CORTEX_PRIORITY_BITS)
 144              	
 145              	/**
 146              	 * @brief   Minimum priority level.
 147              	 * @details This minimum priority level is calculated from the number of
 148              	 *          priority bits supported by the specific Cortex-Mx implementation.
 149              	 */
 150              	#define CORTEX_MINIMUM_PRIORITY         (CORTEX_PRIORITY_LEVELS - 1)
 151              	
 152              	/**
 153              	 * @brief   Maximum priority level.
 154              	 * @details The maximum allowed priority level is always zero.
 155              	 */
 156              	#define CORTEX_MAXIMUM_PRIORITY         0U
 157              	
 158              	/**
 159              	 * @brief   Priority level to priority mask conversion macro.
 160              	 */
 161              	#define CORTEX_PRIO_MASK(n)                                                 \
 162              	  ((n) << (8U - (unsigned)CORTEX_PRIORITY_BITS))
 163              	
 164              	/**
 165              	 * @brief   Priority level verification macro.
ARM GAS  /tmp/ccfZQso5.s 			page 7


 166              	 */
 167              	#define PORT_IRQ_IS_VALID_PRIORITY(n)                                       \
 168              	  (((n) >= 0U) && ((n) < CORTEX_PRIORITY_LEVELS))
 169              	
 170              	/**
 171              	 * @brief   Priority level verification macro.
 172              	 */
 173              	#define PORT_IRQ_IS_VALID_KERNEL_PRIORITY(n)                                \
 174              	  (((n) >= CORTEX_MAX_KERNEL_PRIORITY) && ((n) < CORTEX_PRIORITY_LEVELS))
 175              	
 176              	/*===========================================================================*/
 177              	/* External declarations.                                                    */
 178              	/*===========================================================================*/
 179              	
 180              	/*===========================================================================*/
 181              	/* Module inline functions.                                                  */
 182              	/*===========================================================================*/
 183              	
 184              	/* Includes the sub-architecture-specific part.*/
 185              	#if (CORTEX_MODEL == 0) || (CORTEX_MODEL == 1)
 186              	#include "chcore_v6m.h"
 187              	#elif (CORTEX_MODEL == 3) || (CORTEX_MODEL == 4) || (CORTEX_MODEL == 7)
 188              	#include "mpu.h"
   1              	/*
 189              	#include "chcore_v7m.h"
   1              	/*
 190              	#elif (CORTEX_MODEL == 33) || (CORTEX_MODEL == 55)
  40              	
  41              	#if !defined(__DOXYGEN__)
  42              	
  43              	/*
  44              	 * RTOS-specific context offset.
  45              	 */
  46              	#if defined(_CHIBIOS_RT_CONF_)
  47              	#if CH_CFG_USE_REGISTRY
  48              	#define CURRENT_OFFSET  20          /* ch.rlist.current */
  49              	#define CONTEXT_OFFSET  20
  50              	#else
  51              	#define CURRENT_OFFSET  12
  52              	#define CONTEXT_OFFSET  12
  53              	#endif
  54              	
  55              	#elif defined(_CHIBIOS_NIL_CONF_)
  56              	#define CURRENT_OFFSET  0           /* nil.current */
  57              	#define CONTEXT_OFFSET  0
  58              	
  59              	#else
  60              	#error "invalid chconf.h"
  61              	#endif
  62              	
  63              	/* MPU-related constants.*/
  64              	#define MPU_RBAR        0xE000ED9C
  65              	
  66              	/* Other constants.*/
  67              	#define SCB_ICSR        0xE000ED04
  68              	#define ICSR_PENDSVSET  0x10000000
  69              	
ARM GAS  /tmp/ccfZQso5.s 			page 8


  70              	                .syntax unified
  71              	                .cpu    cortex-m4
  72              	#if CORTEX_USE_FPU
  73              	                .fpu    fpv4-sp-d16
  74              	#else
  75              	                .fpu    softvfp
  76              	#endif
  77              	
  78              	                .thumb
  79              	                .text
  80              	
  81              	/*--------------------------------------------------------------------------*
  82              	 * Performs a context switch between two threads.
  83              	 *--------------------------------------------------------------------------*/
  84              	                .thumb_func
  85              	                .globl  _port_switch
  86              	_port_switch:
  87 0000 2DE9F04F 	                push    {r4, r5, r6, r7, r8, r9, r10, r11, lr}
  88              	#if CORTEX_USE_FPU
  89              	                /* Saving FPU context.*/
  90              	                vpush   {s16-s31}
  91              	#endif
  92              	
  93              	#if PORT_SWITCHED_REGIONS_NUMBER > 0
  94              	                /* Saving MPU context.*/
  95              	                ldr     r2, =MPU_RBAR
  96              	#if PORT_SWITCHED_REGIONS_NUMBER >= 1
  97              	                mov     r3, #0
  98              	                str     r3, [r2, #-4]   /* RNR */
  99              	                ldm     r2, {r4, r5}    /* RBAR, RASR */
 100              	#endif
 101              	#if PORT_SWITCHED_REGIONS_NUMBER >= 2
 102              	                add     r3, #1
 103              	                str     r3, [r2, #-4]   /* RNR */
 104              	                ldm     r2, {r6, r7}    /* RBAR, RASR */
 105              	#endif
 106              	#if PORT_SWITCHED_REGIONS_NUMBER >= 3
 107              	                add     r3, #1
 108              	                str     r3, [r2, #-4]   /* RNR */
 109              	                ldm     r2, {r8, r9}    /* RBAR, RASR */
 110              	#endif
 111              	#if PORT_SWITCHED_REGIONS_NUMBER >= 4
 112              	                add     r3, #1
 113              	                str     r3, [r2, #-4]   /* RNR */
 114              	                ldm     r2, {r10, r11}  /* RBAR, RASR */
 115              	#endif
 116              	#if PORT_SWITCHED_REGIONS_NUMBER == 1
 117              	                push    {r4, r5}
 118              	#endif
 119              	#if PORT_SWITCHED_REGIONS_NUMBER == 2
 120              	                push    {r4, r5, r6, r7}
 121              	#endif
 122              	#if PORT_SWITCHED_REGIONS_NUMBER == 3
 123              	                push    {r4, r5, r6, r7, r8, r9}
 124              	#endif
 125              	#if PORT_SWITCHED_REGIONS_NUMBER == 4
 126              	                push    {r4, r5, r6, r7, r8, r9, r10, r11}
ARM GAS  /tmp/ccfZQso5.s 			page 9


 127              	#endif
 128              	#endif
 129              	
 130 0004 C1F814D0 	                str     sp, [r1, #CONTEXT_OFFSET]
 131              	#if (CORTEX_SIMPLIFIED_PRIORITY == FALSE) &&                                \
 132              	    ((CORTEX_MODEL == 3) || (CORTEX_MODEL == 4))
 133              	                /* Workaround for ARM errata 752419, only applied if
 134              	                   condition exists for it to be triggered.*/
 135 0008 4369     	                ldr     r3, [r0, #CONTEXT_OFFSET]
 136 000a 9D46     	                mov     sp, r3
 137              	#else
 138              	                ldr     sp, [r0, #CONTEXT_OFFSET]
 139              	#endif
 140              	
 141              	#if PORT_SWITCHED_REGIONS_NUMBER > 0
 142              	                /* Restoring MPU context.*/
 143              	#if PORT_SWITCHED_REGIONS_NUMBER == 1
 144              	                pop     {r4, r5}
 145              	#endif
 146              	#if PORT_SWITCHED_REGIONS_NUMBER == 2
 147              	                pop     {r4, r5, r6, r7}
 148              	#endif
 149              	#if PORT_SWITCHED_REGIONS_NUMBER == 3
 150              	                pop     {r4, r5, r6, r7, r8, r9}
 151              	#endif
 152              	#if PORT_SWITCHED_REGIONS_NUMBER == 4
 153              	                pop     {r4, r5, r6, r7, r8, r9, r10, r11}
 154              	#endif
 155              	#if PORT_SWITCHED_REGIONS_NUMBER >= 1
 156              	                mov     r3, #0
 157              	                str     r3, [r2, #-4]   /* RNR */
 158              	                stm     r2, {r4, r5}    /* RBAR, RASR */
 159              	#endif
 160              	#if PORT_SWITCHED_REGIONS_NUMBER >= 2
 161              	                add     r3, #1
 162              	                str     r3, [r2, #-4]   /* RNR */
 163              	                stm     r2, {r6, r7}    /* RBAR, RASR */
 164              	#endif
 165              	#if PORT_SWITCHED_REGIONS_NUMBER >= 3
 166              	                add     r3, #1
 167              	                str     r3, [r2, #-4]   /* RNR */
 168              	                stm     r2, {r8, r9}    /* RBAR, RASR */
 169              	#endif
 170              	#if PORT_SWITCHED_REGIONS_NUMBER >= 4
 171              	                add     r3, #1
 172              	                str     r3, [r2, #-4]   /* RNR */
 173              	                stm     r2, {r10, r11}  /* RBAR, RASR */
 174              	#endif
 175              	#endif
 176              	
 177              	#if CORTEX_USE_FPU
 178              	                /* Restoring FPU context.*/
 179              	                vpop    {s16-s31}
 180              	#endif
 181 000c BDE8F08F 	                pop     {r4, r5, r6, r7, r8, r9, r10, r11, pc}
 182              	
 183              	/*--------------------------------------------------------------------------*
ARM GAS  /tmp/ccfZQso5.s 			page 10


 184              	 * Start a thread by invoking its work function.
 185              	 *
 186              	 * Threads execution starts here, the code leaves the system critical zone
 187              	 * and then jumps into the thread function passed in register R4. The
 188              	 * register R5 contains the thread parameter. The function chThdExit() is
 189              	 * called on thread function return.
 190              	 *--------------------------------------------------------------------------*/
 191              	                .thumb_func
 192              	                .globl  _port_thread_start
 193              	_port_thread_start:
 194              	#if CH_DBG_ENABLE_STACK_CHECK && PORT_ENABLE_GUARD_PAGES
 195              	                bl      _port_set_region
 196              	#endif
 197              	#if CH_DBG_SYSTEM_STATE_CHECK
 198              	                bl      _dbg_check_unlock
 199              	#endif
 200              	#if CH_DBG_STATISTICS
 201              	                bl      _stats_stop_measure_crit_thd
 202              	#endif
 203              	#if CORTEX_SIMPLIFIED_PRIORITY
 204              	                cpsie   i
 205              	#else
 206 0010 0023     	                movs    r3, #0              /* CORTEX_BASEPRI_DISABLED */
 207 0012 83F31188 	                msr     BASEPRI, r3
 208              	#endif
 209 0016 2846     	                mov     r0, r5
 210 0018 A047     	                blx     r4
 211 001a 0020     	                movs    r0, #0              /* MSG_OK */
 212 001c FFF7FEFF 	                bl      chThdExit
 213 0020 FEE7     	_zombies:       b       _zombies
 214              	
 215              	/*--------------------------------------------------------------------------*
 216              	 * Post-IRQ switch code.
 217              	 *
 218              	 * Exception handlers return here for context switching.
 219              	 *--------------------------------------------------------------------------*/
 220              	                .thumb_func
 221              	                .globl  _port_switch_from_isr
 222              	_port_switch_from_isr:
 223              	#if CH_DBG_STATISTICS
 224              	                bl      _stats_start_measure_crit_thd
 225              	#endif
 226              	#if CH_DBG_SYSTEM_STATE_CHECK
 227              	                bl      _dbg_check_lock
 228              	#endif
 229 0022 FFF7FEFF 	                bl      chSchDoReschedule
 230              	#if CH_DBG_SYSTEM_STATE_CHECK
 231              	                bl      _dbg_check_unlock
 232              	#endif
 233              	#if CH_DBG_STATISTICS
 234              	                bl      _stats_stop_measure_crit_thd
 235              	#endif
 236              	                .globl  _port_exit_from_isr
 237              	_port_exit_from_isr:
 238              	#if CORTEX_SIMPLIFIED_PRIORITY
 239              	                movw    r3, #:lower16:SCB_ICSR
 240              	                movt    r3, #:upper16:SCB_ICSR
ARM GAS  /tmp/ccfZQso5.s 			page 11


 241              	                mov     r2, ICSR_PENDSVSET
 242              	                str     r2, [r3, #0]
 243              	                cpsie   i
 244              	#else /* !CORTEX_SIMPLIFIED_PRIORITY */
 245 0026 00DF     	                svc     #0
 246              	#endif /* !CORTEX_SIMPLIFIED_PRIORITY */
 247 0028 FEE7     	.L1:            b       .L1
ARM GAS  /tmp/ccfZQso5.s 			page 12


DEFINED SYMBOLS
../../chibios_trunk/os/common/ports/ARMCMx/compilers/GCC/chcoreasm_v7m.S:86     .text:0000000000000000 _port_switch
../../chibios_trunk/os/common/ports/ARMCMx/compilers/GCC/chcoreasm_v7m.S:87     .text:0000000000000000 $t
../../chibios_trunk/os/common/ports/ARMCMx/compilers/GCC/chcoreasm_v7m.S:193    .text:0000000000000010 _port_thread_start
../../chibios_trunk/os/common/ports/ARMCMx/compilers/GCC/chcoreasm_v7m.S:213    .text:0000000000000020 _zombies
../../chibios_trunk/os/common/ports/ARMCMx/compilers/GCC/chcoreasm_v7m.S:222    .text:0000000000000022 _port_switch_from_isr
../../chibios_trunk/os/common/ports/ARMCMx/compilers/GCC/chcoreasm_v7m.S:237    .text:0000000000000026 _port_exit_from_isr

UNDEFINED SYMBOLS
chThdExit
chSchDoReschedule
