 AS V1.42 Beta [Bld 216] - Source File NEWBUG.asm - Page 1 - 2023-08-06 23:20:30


       1/       0 :                     ;
       2/       0 :                     ;-        TTL     THEBUG
       3/       0 :                     ;-        OPT     PAG
       4/       0 :                     ;-        PAG
       5/       0 :                     ;
       6/       0 :                     ; DEBUG VARIABLE STORAGE
       7/       0 :                     ;
       8/       0 : =$8000               IOADDR  EQU     $8000
       9/       0 : =$8004               CTLPORT EQU     IOADDR+$4
      10/       0 : =$801C               PIA     EQU     IOADDR+28
      11/       0 :                     ;
      12/       0 : =$A000               RAM     EQU     $A000
      13/       0 : =$F000               PROM    EQU     $F000
      14/       0 : =$E000               ROM     EQU     $E000
      15/       0 :                     ;
      16/       0 : =$8018               COMREG  EQU     IOADDR+24
      17/       0 : =$801B               DATAREG EQU     IOADDR+27
      18/       0 : =$801A               SECREG  EQU     IOADDR+26
      19/       0 : =$8014               DRVREG  EQU     IOADDR+20
      20/       0 : =':'                 PROMPT  EQU     ':'
      21/       0 :                     ;
      22/    A000 :                             ORG     RAM
      23/    A000 :                     ;
      24/    A000 :                     IRQ     RMB     2
      25/    A002 :                     BEGA    RMB     2
      26/    A004 :                     ENDA    RMB     2
      27/    A006 :                     NMI     RMB     2
      28/    A008 :                     SP      RMB     2
      29/    A00A :                     PORTADR RMB     2
      30/    A00C :                     ECHFLG  RMB     1
      31/    A00D :                     INXMSB  RMB     1
      32/    A00E :                     INXLSB  RMB     1
      33/    A00F :                     CHKSUM  RMB     1
      34/    A010 :                     TEMP16  RMB     2
      35/    A012 :                     SWI     RMB     2
      36/    A014 :                     CRC16   RMB     2
      37/    A016 :                     XTEMP   RMB     2
      38/    A018 :                     BREAKPT RMB     15
      39/    A027 : =$A027               BREAKND EQU     *
      40/    A027 :                     PRNTFLG RMB     1
      41/    A028 :                     PFLAG   RMB     1
      42/    A029 :                     ;
      43/    A029 : =$A047               BYTECT  EQU     RAM+$47
      44/    A029 : =$A048               GOADDR  EQU     RAM+$48
      45/    A029 :                     ;
      46/    A029 : =$A0C0               STKORG  EQU     RAM+$C0
      47/    A029 :                     ;
      48/    A060 :                             ORG     RAM+96
      49/    A060 :                     ;
      50/    A060 :                     TSTACK  RMB     2
      51/    A062 :                     OPSAVE  RMB     1
      52/    A063 :                     PB1     RMB     1
      53/    A064 :                     PB2     RMB     1
      54/    A065 :                     PB3     RMB     1
      55/    A066 :                     PC1     RMB     1
      56/    A067 :                     PC2     RMB     1
      57/    A068 :                     BPOINT  RMB     4
      58/    A06C :                     BKFLG   RMB     1
      59/    A06D :                     BKFLG2  RMB     1
      60/    A06E :                     MCONT   RMB     1
 AS V1.42 Beta [Bld 216] - Source File NEWBUG.asm - Page 2 - 2023-08-06 23:20:30


      61/    A06F :                     TFLAG   RMB     1
      62/    A070 :                     BFLAG   RMB     1
      63/    A071 :                     MFLAG   RMB     1
      64/    A072 :                     XFLAG   RMB     1
      65/    A073 :                     BITE2   RMB     1
      66/    A074 :                     BITE3   RMB     1
      67/    A075 :                     XTEMP1  RMB     2
      68/    A077 :                     CRC0    RMB     2
      69/    A079 :                     TEMP    RMB     2
      70/    A07B :                     ;
      71/    A07B : =$A100               LDADDR  EQU     $A100
      72/    A07B : =$100                LOADCNT EQU     $0100
      73/    A07B :                     ;
      74/    A07B :                     ;
      75/    A07B :                     ;-        PAG
      76/    A07B :                     ;
      77/    E000 :                             ORG     ROM
      78/    E000 :                     ;
      79/    E000 : FE A0 00            IRQV    LDX     IRQ
      80/    E003 : 6E 00                       JMP     0,X
      81/    E005 : FE A0 12            SWIV    LDX     SWI
      82/    E008 : 6E 00                       JMP     0,X
      83/    E00A : FE A0 06            NMIV    LDX     NMI
      84/    E00D : 6E 00                       JMP     0,X
      85/    E00F :                     ;
      86/    E00F : B7 A0 C1            PATCH   STAA   STKORG+1
      87/    E012 : CE E0 A3                    LDX     #RTIINS
      88/    E015 : FF A0 06                    STX     NMI
      89/    E018 : FF A0 00                    STX     IRQ
      90/    E01B : 7F A0 6F                    CLR     TFLAG
      91/    E01E : 7F A0 6C                    CLR     BKFLG
      92/    E021 : 7F A0 6D                    CLR     BKFLG2
      93/    E024 : 7F A0 27                    CLR     PRNTFLG
      94/    E027 : BD E2 00                    JSR     PINIT
      95/    E02A : 39                          RTS
      96/    E02B :                     ;
      97/    E03F :                             ORG     ROM+$3F
      98/    E03F : 86 3F               LDABRT  LDAA   #$3F
      99/    E041 : 8D 32                       BSR     OUTCH
     100/    E043 : 39                          RTS
     101/    E044 :                     ;
     102/    E047 :                             ORG     ROM+$47
     103/    E047 : 8D 0C               BADDR   BSR     BYTE
     104/    E049 : B7 A0 0D                    STAA   INXMSB
     105/    E04C : 8D 07                       BSR     BYTE
     106/    E04E : B7 A0 0E                    STAA   INXLSB
     107/    E051 : FE A0 0D                    LDX     INXMSB
     108/    E054 : 39                          RTS
     109/    E055 :                     ;
     110/    E055 : 8D 53               BYTE    BSR     INHEX
     111/    E057 : 48                  BYTE1   ASL A
     112/    E058 : 48                          ASL A
     113/    E059 : 48                          ASL A
     114/    E05A : 48                          ASL A
     115/    E05B : 16                          TAB
     116/    E05C : 8D 4C                       BSR     INHEX
     117/    E05E : 1B                          ABA
     118/    E05F : 16                          TAB
     119/    E060 : FB A0 0F                    ADDB   CHKSUM
     120/    E063 : F7 A0 0F                    STAB   CHKSUM
 AS V1.42 Beta [Bld 216] - Source File NEWBUG.asm - Page 3 - 2023-08-06 23:20:30


     121/    E066 : 39                          RTS
     122/    E067 :                     ;
     123/    E067 :                     ;
     124/    E067 : 44                  OUTHL   LSRA
     125/    E068 : 44                          LSRA
     126/    E069 : 44                          LSRA
     127/    E06A : 44                          LSRA
     128/    E06B : 84 0F               OUTHR   ANDA   #$0F
     129/    E06D : 8B 30                       ADDA   #$30
     130/    E06F : 81 39                       CMPA   #$39
     131/    E071 : 23 02                       BLS     OUTCH
     132/    E073 : 8B 07                       ADDA   #$07
     133/    E075 :                     ;
     134/    E075 : 7E E1 D1            OUTCH   JMP     OUTEEE
     135/    E078 : 7E E1 AC            INCH    JMP     INEEE
     136/    E07B :                     ;
     137/    E07B : 8D F8               PDATA2  BSR     OUTCH
     138/    E07D : 08                          INX
     139/    E07E : A6 00               PDATA1  LDAA   0,X
     140/    E080 : 81 04                       CMPA   #4
     141/    E082 : 26 F7                       BNE     PDATA2
     142/    E084 : 39                          RTS
     143/    E085 :                     ;
     144/    E08C :                             ORG     ROM+$8C
     145/    E08C : C6 15               ACIASET LDAB   #$15
     146/    E08E : 86 03               ACIAS1  LDAA   #$03
     147/    E090 : A7 00                       STAA   0,X
     148/    E092 : E7 00                       STAB   0,X
     149/    E094 : 39                          RTS
     150/    E095 :                     ;
     151/    E095 : B6 A0 48            GO      LDAA   GOADDR
     152/    E098 : F6 A0 49                    LDAB   GOADDR+1
     153/    E09B : BE A0 08                    LDS     SP
     154/    E09E : 30                          TSX
     155/    E09F : A7 05                       STAA   5,X
     156/    E0A1 : E7 06                       STAB   6,X
     157/    E0A3 : 3B                  RTIINS  RTI
     158/    E0A4 :                     ;
     159/    E0A4 : 31                  JUMP    INS
     160/    E0A5 : 31                          INS
     161/    E0A6 : 8D 9F               CALL    BSR     BADDR
     162/    E0A8 : 6E 00                       JMP     0,X
     163/    E0AA :                     ;
     164/    E0AA : 8D CC               INHEX   BSR     INCH
     165/    E0AC : 80 30               INHEX1  SUBA   #$30
     166/    E0AE : 2B 3F                       BMI     ABORT
     167/    E0B0 : 81 09                       CMPA   #9
     168/    E0B2 : 2F 0A                       BLE     INHRET
     169/    E0B4 : 81 11                       CMPA   #$11
     170/    E0B6 : 2B 37                       BMI     ABORT
     171/    E0B8 : 81 16                       CMPA   #$16
     172/    E0BA : 2E 33                       BGT     ABORT
     173/    E0BC : 80 07                       SUBA   #7
     174/    E0BE : 39                  INHRET  RTS
     175/    E0BF :                     ;
     176/    E0BF : A6 00               OUT2H   LDAA   0,X
     177/    E0C1 : 8D A4                       BSR     OUTHL
     178/    E0C3 : A6 00                       LDAA   0,X
     179/    E0C5 : 08                          INX
     180/    E0C6 : 20 A3                       BRA     OUTHR
 AS V1.42 Beta [Bld 216] - Source File NEWBUG.asm - Page 4 - 2023-08-06 23:20:30


     181/    E0C8 :                     ;
     182/    E0C8 : 8D F5               OUT4HS  BSR     OUT2H
     183/    E0CA : 8D F3               OUT2HS  BSR     OUT2H
     184/    E0CC : 86 20               OUTS    LDAA   #$20
     185/    E0CE : 20 A5                       BRA     OUTCH
     186/    E0D0 :                     ;
     187/    E0D0 : 8E A0 C0            START   LDS     #STKORG
     188/    E0D3 : 86 FF                       LDAA   #$FF
     189/    E0D5 : BD E0 0F                    JSR     PATCH
     190/    E0D8 : BD E2 BA                    JSR     SWICLR
     191/    E0DB : BD E3 1D                    JSR     SWISET
     192/    E0DE : CE 80 04                    LDX     #CTLPORT
     193/    E0E1 : 8D A9                       BSR     ACIASET
     194/    E0E3 :                     ;
     195/    E0E3 : 8E A0 C0            MONITOR LDS     #STKORG
     196/    E0E6 : BF A0 08                    STS     SP
     197/    E0E9 : CE 80 04            DEBUG   LDX     #CTLPORT
     198/    E0EC : FF A0 0A                    STX     PORTADR
     199/    E0EF : BE A0 08            ABORT   LDS     SP
     200/    E0F2 : 7F A0 0C                    CLR     ECHFLG
     201/    E0F5 : 8D 3C                       BSR     PCRLFP
     202/    E0F7 : BD E1 AC            GETCMD  JSR     INEEE
     203/    E0FA :                     ;
     204/    E0FA :                     ; LOOK UP COMMAND IN COMMAND TABLE
     205/    E0FA :                     ;
     206/    E0FA : CE E3 6D                    LDX     #CMDTBL
     207/    E0FD : A1 00               AGAIN   CMPA   0,X
     208/    E0FF : 27 0A                       BEQ     FNDCMD
     209/    E101 : 8C E4 09                    CPX     #TBLEND
     210/    E104 : 27 E9                       BEQ     ABORT
     211/    E106 :                     ;
     212/    E106 : 08                          INX
     213/    E107 : 08                          INX
     214/    E108 : 08                          INX
     215/    E109 : 20 F2                       BRA     AGAIN
     216/    E10B :                     ;
     217/    E10B : 8D BF               FNDCMD  BSR     OUTS
     218/    E10D : EE 01                       LDX     1,X
     219/    E10F : AD 00                       JSR     0,X
     220/    E111 : 20 DC                       BRA     ABORT
     221/    E113 :                     ;
     222/    E113 : BF A0 08            SWIENT  STS     SP
     223/    E116 : 30                          TSX
     224/    E117 : BD E2 C7                    JSR     SWISCL
     225/    E11A : 8D 02                       BSR     REGS
     226/    E11C : 20 D1                       BRA     ABORT
     227/    E11E :                     ;
     228/    E11E : 8D 13               REGS    BSR     PCRLFP
     229/    E120 : FE A0 08                    LDX     SP
     230/    E123 : 08                          INX
     231/    E124 : 8D A4                       BSR     OUT2HS
     232/    E126 : 8D A2                       BSR     OUT2HS
     233/    E128 : 8D A0                       BSR     OUT2HS
     234/    E12A : 8D 9C                       BSR     OUT4HS
     235/    E12C : 8D 9A                       BSR     OUT4HS
     236/    E12E : CE A0 08                    LDX     #SP
     237/    E131 : 20 95                       BRA     OUT4HS
     238/    E133 :                     ;
     239/    E133 : CE E1 9C            PCRLFP  LDX     #MCLOFF
     240/    E136 : 7E E0 7E                    JMP     PDATA1
 AS V1.42 Beta [Bld 216] - Source File NEWBUG.asm - Page 5 - 2023-08-06 23:20:30


     241/    E139 :                     ;
     242/    E139 : BD E0 47            CHANGE  JSR     BADDR
     243/    E13C : BD E2 60            MEMLOC  JSR     PCRLF
     244/    E13F : CE A0 0D                    LDX     #INXMSB
     245/    E142 : 8D 84                       BSR     OUT4HS
     246/    E144 : FE A0 0D                    LDX     INXMSB
     247/    E147 : 8D 81                       BSR     OUT2HS
     248/    E149 : 09                          DEX
     249/    E14A : 8D 60               EATLSP  BSR     INEEE
     250/    E14C : 8D 1A                       BSR     ALTER
     251/    E14E : 24 FA                       BCC     EATLSP
     252/    E150 : 81 20                       CMPA   #$20
     253/    E152 : 27 0F                       BEQ     NEXADX
     254/    E154 : 81 3A                       CMPA   #PROMPT
     255/    E156 : 27 20                       BEQ     NOTHEX
     256/    E158 : 81 0D                       CMPA   #$0D
     257/    E15A : 27 1C                       BEQ     NOTHEX
     258/    E15C : 81 5E                       CMPA   #$5E
     259/    E15E : 26 02                       BNE     NEXADR
     260/    E160 : 09                          DEX
     261/    E161 : 09                          DEX
     262/    E162 : 08                  NEXADR  INX
     263/    E163 : FF A0 0D            NEXADX  STX     INXMSB
     264/    E166 : 20 D4                       BRA     MEMLOC
     265/    E168 : 81 30               ALTER   CMPA   #$30
     266/    E16A : 25 0C                       BCS     NOTHEX
     267/    E16C : 81 3A                       CMPA   #$3A
     268/    E16E : 25 0A                       BCS     ALTER1
     269/    E170 : 81 41                       CMPA   #$41
     270/    E172 : 25 04                       BCS     NOTHEX
     271/    E174 : 81 47                       CMPA   #$47
     272/    E176 : 25 02                       BCS     ALTER1
     273/    E178 : 0D                  NOTHEX  SEC
     274/    E179 : 39                          RTS
     275/    E17A : BD E0 AC            ALTER1  JSR     INHEX1
     276/    E17D : BD E0 57                    JSR     BYTE1
     277/    E180 : A7 00                       STAA   0,X
     278/    E182 : A1 00                       CMPA   0,X
     279/    E184 : 27 03                       BEQ     ALTER2
     280/    E186 : 7E E0 3F                    JMP     LDABRT
     281/    E189 : 08                  ALTER2  INX
     282/    E18A : BD E2 1F                    JSR     OUTS1
     283/    E18D : 0C                          CLC
     284/    E18E : 39                          RTS
     285/    E18F :                     ;
     286/    E19C :                             ORG     ROM+$19C
     287/    E19C :                     ;
     288/    E19C : 13                  MCLOFF  FCB     $13
     289/    E19D : 0D 0A 15 00 00 00   MCL     FCB     $D,$A,$15,0,0,0
     290/    E1A3 : 3A 04                       FCB     PROMPT,4
     291/    E1A5 :                     ;
     292/    E1A5 : FF A0 16            SAVEGET STX     XTEMP
     293/    E1A8 : FE A0 0A                    LDX     PORTADR
     294/    E1AB : 39                          RTS
     295/    E1AC :                     ;
     296/    E1AC : 8D 03               INEEE   BSR     INCH8
     297/    E1AE : 84 7F                       ANDA   #$7F
     298/    E1B0 : 39                          RTS
     299/    E1B1 :                     ;
     300/    E1B1 : 37                  INCH8   PSH B
 AS V1.42 Beta [Bld 216] - Source File NEWBUG.asm - Page 6 - 2023-08-06 23:20:30


     301/    E1B2 : 8D F1                       BSR     SAVEGET
     302/    E1B4 : A6 00               ACIAIN  LDAA   0,X
     303/    E1B6 : 47                          ASRA
     304/    E1B7 : 24 FB                       BCC     ACIAIN
     305/    E1B9 : A6 01                       LDAA   1,X
     306/    E1BB : F6 A0 0C                    LDAB   ECHFLG
     307/    E1BE : 26 08                       BNE     RET
     308/    E1C0 : E6 00               ACIAOUT LDAB   0,X
     309/    E1C2 : 57                          ASRB
     310/    E1C3 : 57                          ASRB
     311/    E1C4 : 24 FA                       BCC     ACIAOUT
     312/    E1C6 : A7 01                       STAA   1,X
     313/    E1C8 : 33                  RET     PUL B
     314/    E1C9 : FE A0 16                    LDX     XTEMP
     315/    E1CC : 39                          RTS
     316/    E1CD :                     ;
     317/    E1D1 :                             ORG     ROM+$1D1
     318/    E1D1 :                     ;
     319/    E1D1 : 37                  OUTEEE  PSHB
     320/    E1D2 : 8D D1                       BSR     SAVEGET
     321/    E1D4 : 7D A0 27                    TST     PRNTFLG
     322/    E1D7 : 27 E7                       BEQ     ACIAOUT
     323/    E1D9 :                     ;
     324/    E1D9 : 8D 14               POUT    BSR     PCHK
     325/    E1DB : 2A FC                       BPL     POUT
     326/    E1DD : 7F A0 28                    CLR     PFLAG
     327/    E1E0 : B7 80 1C                    STAA   PIA
     328/    E1E3 : C6 36                       LDAB   #$36
     329/    E1E5 : F7 80 1D                    STAB   PIA+1
     330/    E1E8 : C6 3E                       LDAB   #$3E
     331/    E1EA : F7 80 1D                    STAB   PIA+1
     332/    E1ED : 20 D1                       BRA     ACIAOUT
     333/    E1EF :                     ;
     334/    E1EF : 7D A0 28            PCHK    TST     PFLAG
     335/    E1F2 : 2B 0B                       BMI     PEXIT
     336/    E1F4 : 7D 80 1D                    TST     PIA+1
     337/    E1F7 : 2A 06                       BPL     PEXIT
     338/    E1F9 : 7D 80 1C            PREADY  TST     PIA
     339/    E1FC : 73 A0 28                    COM     PFLAG
     340/    E1FF : 39                  PEXIT   RTS
     341/    E200 :                     ;
     342/    E200 : 86 3A               PINIT   LDAA   #$3A
     343/    E202 : B7 80 1D                    STAA   PIA+1
     344/    E205 : 86 FF                       LDAA   #$FF
     345/    E207 : B7 80 1C                    STAA   PIA
     346/    E20A : 86 3E                       LDAA   #$3E
     347/    E20C : B7 80 1D                    STAA   PIA+1
     348/    E20F : 39                          RTS
     349/    E210 :                     ;
     350/    E210 : BD E0 47            GETPAIR JSR     BADDR
     351/    E213 : 8D 0A                       BSR     OUTS1
     352/    E215 : FF A0 02                    STX     BEGA
     353/    E218 : BD E0 47                    JSR     BADDR
     354/    E21B : 08                          INX
     355/    E21C : FF A0 04                    STX     ENDA
     356/    E21F : 7E E0 CC            OUTS1   JMP     OUTS
     357/    E222 :                     ;
     358/    E222 : 8D EC               TESTMD  BSR     GETPAIR
     359/    E224 : 7F A0 10                    CLR     TEMP16
     360/    E227 : 8D 43               TESTD1  BSR     TESTMR
 AS V1.42 Beta [Bld 216] - Source File NEWBUG.asm - Page 7 - 2023-08-06 23:20:30


     361/    E229 : 8D 48               TESTD2  BSR     TESTMX
     362/    E22B : FB A0 10                    ADDB   TEMP16
     363/    E22E : E7 00                       STAB   0,X
     364/    E230 : 8D 4D                       BSR     INCADR
     365/    E232 : 26 F5                       BNE     TESTD2
     366/    E234 : 8D 36                       BSR     TESTMR
     367/    E236 : 8D 3B               TESTD3  BSR     TESTMX
     368/    E238 : FB A0 10                    ADDB   TEMP16
     369/    E23B : E8 00                       EORB   0,X
     370/    E23D : 27 0B                       BEQ     TESTD4
     371/    E23F : F7 A0 0F                    STAB   CHKSUM
     372/    E242 : 8D 13                       BSR     TESTADR
     373/    E244 : BD E0 CA                    JSR     OUT2HS
     374/    E247 : BD E0 CA                    JSR     OUT2HS
     375/    E24A : 8D 33               TESTD4  BSR     INCADR
     376/    E24C : 26 E8                       BNE     TESTD3
     377/    E24E : BD E2 8A                    JSR     OUTPLUS
     378/    E251 : 7C A0 10                    INC     TEMP16
     379/    E254 : 26 D1                       BNE     TESTD1
     380/    E256 : 39                          RTS
     381/    E257 : BD E2 60            TESTADR JSR     PCRLF
     382/    E25A : CE A0 0D                    LDX     #INXMSB
     383/    E25D : 7E E0 C8                    JMP     OUT4HS
     384/    E260 :                     ;
     385/    E260 : CE EA 8C            PCRLF   LDX     #CRLF
     386/    E263 : 7E E0 7E                    JMP     PDATA1
     387/    E266 :                     ;
     388/    E266 : 7F A0 14            TESTMC  CLR     CRC16
     389/    E269 : 7F A0 15                    CLR     CRC16+1
     390/    E26C : FE A0 02            TESTMR  LDX     BEGA
     391/    E26F : FF A0 0D                    STX     INXMSB
     392/    E272 : 39                  TESTMO  RTS
     393/    E273 :                     ;
     394/    E273 : F6 A0 0D            TESTMX  LDAB   INXMSB
     395/    E276 : FB A0 0E                    ADDB   INXLSB
     396/    E279 : FE A0 0D                    LDX     INXMSB
     397/    E27C : A6 00                       LDAA   0,X
     398/    E27E : 39                          RTS
     399/    E27F :                     ;
     400/    E27F : FE A0 0D            INCADR  LDX     INXMSB
     401/    E282 : 08                          INX
     402/    E283 : FF A0 0D                    STX     INXMSB
     403/    E286 : BC A0 04                    CPX     ENDA
     404/    E289 : 39                          RTS
     405/    E28A :                     ;
     406/    E28A : 86 2B               OUTPLUS LDAA   #'+'
     407/    E28C : 7E E1 D1                    JMP     OUTEEE
     408/    E28F :                     ;
     409/    E28F : BD E0 47            BREAK   JSR     BADDR
     410/    E292 : A6 00                       LDAA   0,X
     411/    E294 : 81 3F                       CMPA   #$3F
     412/    E296 : 27 1F                       BEQ     NOBREAK
     413/    E298 : B7 A0 0F                    STAA   CHKSUM
     414/    E29B : 4F                          CLRA
     415/    E29C : 5F                          CLRB
     416/    E29D : 8D 60                       BSR     SWISRCH
     417/    E29F : 25 16                       BCS     NOBREAK
     418/    E2A1 : B6 A0 0D                    LDAA   INXMSB
     419/    E2A4 : F6 A0 0E                    LDAB   INXLSB
     420/    E2A7 : A7 00                       STAA   0,X
 AS V1.42 Beta [Bld 216] - Source File NEWBUG.asm - Page 8 - 2023-08-06 23:20:30


     421/    E2A9 : E7 01                       STAB   1,X
     422/    E2AB : B6 A0 0F                    LDAA   CHKSUM
     423/    E2AE : A7 02                       STAA   2,X
     424/    E2B0 : EE 00                       LDX     0,X
     425/    E2B2 : 86 3F                       LDAA   #$3F
     426/    E2B4 : A7 00                       STAA   0,X
     427/    E2B6 : 39                          RTS
     428/    E2B7 :                     ;
     429/    E2B7 : 7E E0 3F            NOBREAK JMP     LDABRT
     430/    E2BA :                     ;
     431/    E2BA : CE A0 18            SWICLR  LDX     #BREAKPT
     432/    E2BD : FF A0 10            SWINXT  STX     TEMP16
     433/    E2C0 : 8D 29                       BSR     CLRSWI
     434/    E2C2 : 8D 4F                       BSR     SWINXA
     435/    E2C4 : 26 F7                       BNE     SWINXT
     436/    E2C6 : 39                          RTS
     437/    E2C7 : EE 05               SWISCL  LDX     5,X
     438/    E2C9 : FF A0 48                    STX     GOADDR
     439/    E2CC : 09                          DEX
     440/    E2CD : FF A0 0D                    STX     INXMSB
     441/    E2D0 : B6 A0 0D                    LDAA   INXMSB
     442/    E2D3 : F6 A0 0E                    LDAB   INXLSB
     443/    E2D6 : 8D 27                       BSR     SWISRCH
     444/    E2D8 : 25 38                       BCS     SSRCH3
     445/    E2DA : FF A0 10                    STX     TEMP16
     446/    E2DD : 30                          TSX
     447/    E2DE : A7 07                       STAA   7,X
     448/    E2E0 : E7 08                       STAB   8,X
     449/    E2E2 : B7 A0 48                    STAA   GOADDR
     450/    E2E5 : F7 A0 49                    STAB   GOADDR+1
     451/    E2E8 : FE A0 10                    LDX     TEMP16
     452/    E2EB : E6 02               CLRSWI  LDAB   2,X
     453/    E2ED : EE 00                       LDX     0,X
     454/    E2EF : A6 00                       LDAA   0,X
     455/    E2F1 : 81 3F                       CMPA   #$3F
     456/    E2F3 : 26 09                       BNE     CLRED
     457/    E2F5 : E7 00                       STAB   0,X
     458/    E2F7 : FE A0 10                    LDX     TEMP16
     459/    E2FA : 6F 00                       CLR     0,X
     460/    E2FC : 6F 01                       CLR     1,X
     461/    E2FE : 39                  CLRED   RTS
     462/    E2FF :                     ;
     463/    E2FF : CE A0 18            SWISRCH LDX     #BREAKPT
     464/    E302 : FF A0 10            SSRCH1  STX     TEMP16
     465/    E305 : A1 00                       CMPA   0,X
     466/    E307 : 26 04                       BNE     SSRCH2
     467/    E309 : E1 01                       CMPB   1,X
     468/    E30B : 27 05                       BEQ     SSRCH3
     469/    E30D : 8D 04               SSRCH2  BSR     SWINXA
     470/    E30F : 26 F1                       BNE     SSRCH1
     471/    E311 : 0D                          SEC
     472/    E312 : 39                  SSRCH3  RTS
     473/    E313 :                     ;
     474/    E313 : FE A0 10            SWINXA  LDX     TEMP16
     475/    E316 : 08                          INX
     476/    E317 : 08                          INX
     477/    E318 : 08                          INX
     478/    E319 : 8C A0 27                    CPX     #BREAKND
     479/    E31C : 39                          RTS
     480/    E31D :                     ;
 AS V1.42 Beta [Bld 216] - Source File NEWBUG.asm - Page 9 - 2023-08-06 23:20:30


     481/    E31D : CE E1 13            SWISET  LDX     #SWIENT
     482/    E320 : FF A0 12                    STX     SWI
     483/    E323 : CE A0 18                    LDX     #BREAKPT
     484/    E326 : 6F 00               SWISE1  CLR     0,X
     485/    E328 : 08                          INX
     486/    E329 : 8C A0 27                    CPX     #BREAKND
     487/    E32C : 26 F8                       BNE     SWISE1
     488/    E32E : 39                          RTS
     489/    E32F :                     ;
     490/    E32F : 4F                  BOOT    CLRA
     491/    E330 : B7 80 14                    STAA   DRVREG
     492/    E333 : CE FF FF                    LDX     #$FFFF
     493/    E336 : 08                  BOOT0   INX
     494/    E337 : 09                          DEX
     495/    E338 : 09                          DEX
     496/    E339 : 26 FB                       BNE     BOOT0
     497/    E33B : C6 0B                       LDAB   #$0B
     498/    E33D : F7 80 18                    STAB   COMREG
     499/    E340 : 8D 2A                       BSR     RETURN
     500/    E342 : F6 80 18            BLOOP1  LDAB   COMREG
     501/    E345 : C5 01                       BITB   #1
     502/    E347 : 26 F9                       BNE     BLOOP1
     503/    E349 : 7F 80 1A                    CLR     SECREG
     504/    E34C : 8D 1E                       BSR     RETURN
     505/    E34E : C6 9C                       LDAB   #$9C
     506/    E350 : F7 80 18                    STAB   COMREG
     507/    E353 : 8D 17                       BSR     RETURN
     508/    E355 : CE A1 00                    LDX     #LDADDR
     509/    E358 : C5 02               BLOOP2  BITB   #2
     510/    E35A : 27 06                       BEQ     BLOOP3
     511/    E35C : B6 80 1B                    LDAA   DATAREG
     512/    E35F : A7 00                       STAA   0,X
     513/    E361 : 08                          INX
     514/    E362 : F6 80 18            BLOOP3  LDAB   COMREG
     515/    E365 : C5 01                       BITB   #1
     516/    E367 : 26 EF                       BNE     BLOOP2
     517/    E369 : 7E A1 00                    JMP     LDADDR
     518/    E36C : 39                  RETURN  RTS
     519/    E36D :                     ;
     520/    E36D :                     ; COMMAND TABLE
     521/    E36D :                     ;
     522/    E36D : 41                  CMDTBL  FCB     'A'
     523/    E36E : E8 D6                       FDB     ASCII
     524/    E370 : 42                          FCB     'B'
     525/    E371 : E2 8F                       FDB     BREAK
     526/    E373 : 43                          FCB     'C'
     527/    E374 : E0 A6                       FDB     CALL
     528/    E376 : 44                          FCB     'D'
     529/    E377 : E3 2F                       FDB     BOOT
     530/    E379 : 45                          FCB     'E'
     531/    E37A : E1 39                       FDB     CHANGE
     532/    E37C : 46                          FCB     'F'
     533/    E37D : E8 EC                       FDB     FILL
     534/    E37F : 47                          FCB     'G'
     535/    E380 : E0 95                       FDB     GO
     536/    E382 : 48                          FCB     'H'
     537/    E383 : E0 3F                       FDB     LDABRT
     538/    E385 : 49                          FCB     'I'
     539/    E386 : E5 A8                       FDB     DISSA
     540/    E388 : 4A                          FCB     'J'
 AS V1.42 Beta [Bld 216] - Source File NEWBUG.asm - Page 10 - 2023-08-06 23:20:30


     541/    E389 : E0 A4                       FDB     JUMP
     542/    E38B : 4B                          FCB     'K'
     543/    E38C : E2 BA                       FDB     SWICLR
     544/    E38E : 4C                          FCB     'L'
     545/    E38F : E9 1D                       FDB     LOCATE
     546/    E391 : 4D                          FCB     'M'
     547/    E392 : E4 19                       FDB     MOVE
     548/    E394 : 4E                          FCB     'N'
     549/    E395 : E0 3F                       FDB     LDABRT
     550/    E397 : 4F                          FCB     'O'
     551/    E398 : E0 3F                       FDB     LDABRT
     552/    E39A : 50                          FCB     'P'
     553/    E39B : E0 3F                       FDB     LDABRT
     554/    E39D : 51                          FCB     'Q'
     555/    E39E : E2 22                       FDB     TESTMD
     556/    E3A0 : 52                          FCB     'R'
     557/    E3A1 : E1 1E                       FDB     REGS
     558/    E3A3 : 53                          FCB     'S'
     559/    E3A4 : E0 3F                       FDB     LDABRT
     560/    E3A6 : 54                          FCB     'T'
     561/    E3A7 : E5 B0                       FDB     TRACE
     562/    E3A9 : 55                          FCB     'U'
     563/    E3AA : E0 3F                       FDB     LDABRT
     564/    E3AC : 56                          FCB     'V'
     565/    E3AD : E4 3E                       FDB     VIEW
     566/    E3AF : 57                          FCB     'W'
     567/    E3B0 : E0 3F                       FDB     LDABRT
     568/    E3B2 : 58                          FCB     'X'
     569/    E3B3 : E0 3F                       FDB     LDABRT
     570/    E3B5 : 59                          FCB     'Y'
     571/    E3B6 : E0 3F                       FDB     LDABRT
     572/    E3B8 : 10                          FCB     $10
     573/    E3B9 : E4 0C                       FDB     HCOPY
     574/    E3BB : 5A                          FCB     'Z'
     575/    E3BC : E0 3F                       FDB     LDABRT
     576/    E3BE : 61                          FCB     'a'
     577/    E3BF : E8 D6                       FDB     ASCII
     578/    E3C1 : 62                          FCB     'b'
     579/    E3C2 : E2 8F                       FDB     BREAK
     580/    E3C4 : 63                          FCB     'c'
     581/    E3C5 : E0 A6                       FDB     CALL
     582/    E3C7 : 64                          FCB     'd'
     583/    E3C8 : E3 2F                       FDB     BOOT
     584/    E3CA : 65                          FCB     'e'
     585/    E3CB : E1 39                       FDB     CHANGE
     586/    E3CD : 66                          FCB     'f'
     587/    E3CE : E8 EC                       FDB     FILL
     588/    E3D0 : 67                          FCB     'g'
     589/    E3D1 : E0 95                       FDB     GO
     590/    E3D3 : 68                          FCB     'h'
     591/    E3D4 : E0 3F                       FDB     LDABRT
     592/    E3D6 : 69                          FCB     'i'
     593/    E3D7 : E5 A8                       FDB     DISSA
     594/    E3D9 : 6A                          FCB     'j'
     595/    E3DA : E0 A4                       FDB     JUMP
     596/    E3DC : 6B                          FCB     'k'
     597/    E3DD : E2 BA                       FDB     SWICLR
     598/    E3DF : 6C                          FCB     'l'
     599/    E3E0 : E9 1D                       FDB     LOCATE
     600/    E3E2 : 6D                          FCB     'm'
 AS V1.42 Beta [Bld 216] - Source File NEWBUG.asm - Page 11 - 2023-08-06 23:20:30


     601/    E3E3 : E4 19                       FDB     MOVE
     602/    E3E5 : 6E                          FCB     'n'
     603/    E3E6 : E0 3F                       FDB     LDABRT
     604/    E3E8 : 6F                          FCB     'o'
     605/    E3E9 : E0 3F                       FDB     LDABRT
     606/    E3EB : 70                          FCB     'p'
     607/    E3EC : E0 3F                       FDB     LDABRT
     608/    E3EE : 71                          FCB     'q'
     609/    E3EF : E2 22                       FDB     TESTMD
     610/    E3F1 : 72                          FCB     'r'
     611/    E3F2 : E1 1E                       FDB     REGS
     612/    E3F4 : 73                          FCB     's'
     613/    E3F5 : E0 3F                       FDB     LDABRT
     614/    E3F7 : 74                          FCB     't'
     615/    E3F8 : E5 B0                       FDB     TRACE
     616/    E3FA : 75                          FCB     'u'
     617/    E3FB : E0 3F                       FDB     LDABRT
     618/    E3FD : 76                          FCB     'v'
     619/    E3FE : E4 3E                       FDB     VIEW
     620/    E400 : 77                          FCB     'w'
     621/    E401 : E0 3F                       FDB     LDABRT
     622/    E403 : 78                          FCB     'x'
     623/    E404 : E0 3F                       FDB     LDABRT
     624/    E406 : 79                          FCB     'y'
     625/    E407 : E0 3F                       FDB     LDABRT
     626/    E409 : 7A                  TBLEND  FCB     'z'
     627/    E40A : E0 3F                       FDB     LDABRT
     628/    E40C :                     ;
     629/    E40C : 86 FF               HCOPY   LDAA   #$FF
     630/    E40E : B7 A0 28                    STAA   PFLAG
     631/    E411 : 73 A0 27                    COM     PRNTFLG
     632/    E414 : 31                          INS
     633/    E415 : 31                          INS
     634/    E416 : 7E E0 F7                    JMP     GETCMD
     635/    E419 :                     ;
     636/    E419 : BD E4 E7            MOVE    JSR     LIMITS
     637/    E41C : CE EA AE                    LDX     #TOADD
     638/    E41F : BD E4 E1                    JSR     BAD1
     639/    E422 : FE A0 02                    LDX     BEGA
     640/    E425 : 09                          DEX
     641/    E426 : 08                  MOVE1   INX
     642/    E427 : A6 00                       LDAA   0,X
     643/    E429 : FF A0 02                    STX     BEGA
     644/    E42C : FE A0 0D                    LDX     INXMSB
     645/    E42F : A7 00                       STAA   0,X
     646/    E431 : 08                          INX
     647/    E432 : FF A0 0D                    STX     INXMSB
     648/    E435 : FE A0 02                    LDX     BEGA
     649/    E438 : BC A0 04                    CPX     ENDA
     650/    E43B : 26 E9                       BNE     MOVE1
     651/    E43D : 39                          RTS
     652/    E43E :                     ;
     653/    E43E : BD E4 D9            VIEW    JSR     BAD2
     654/    E441 : 86 08               V1      LDAA   #8
     655/    E443 : B7 A0 6E                    STAA   MCONT
     656/    E446 : BD E2 60            V5      JSR     PCRLF
     657/    E449 : BD E4 9A                    JSR     OUTXHI
     658/    E44C : C6 10                       LDAB   #16
     659/    E44E : BD E0 CA            V9      JSR     OUT2HS
     660/    E451 : 5A                          DECB
 AS V1.42 Beta [Bld 216] - Source File NEWBUG.asm - Page 12 - 2023-08-06 23:20:30


     661/    E452 : C5 03                       BITB   #3
     662/    E454 : 26 05                       BNE     V10
     663/    E456 : BD E0 CC                    JSR     OUTS
     664/    E459 : C1 00                       CMPB   #0
     665/    E45B : 26 F1               V10     BNE     V9
     666/    E45D : BD E2 60                    JSR     PCRLF
     667/    E460 : C6 05                       LDAB   #5
     668/    E462 : BD E4 91                    JSR     SKIP
     669/    E465 : FE A0 0D                    LDX     INXMSB
     670/    E468 : C6 10                       LDAB   #16
     671/    E46A : A6 00               V2      LDAA   0,X
     672/    E46C : 81 20                       CMPA   #$20
     673/    E46E : 25 04                       BCS     V3
     674/    E470 : 81 5F                       CMPA   #$5F
     675/    E472 : 25 02                       BCS     V4
     676/    E474 : 86 2E               V3      LDAA   #'.'
     677/    E476 : BD E8 D3            V4      JSR     OUTA
     678/    E479 : 08                          INX
     679/    E47A : 5A                          DEC     B
     680/    E47B : 26 ED                       BNE     V2
     681/    E47D : FF A0 0D                    STX     INXMSB
     682/    E480 : 7A A0 6E                    DEC     MCONT
     683/    E483 : 26 C1                       BNE     V5
     684/    E485 : BD E1 AC                    JSR     INEEE
     685/    E488 : 81 20                       CMPA   #$20
     686/    E48A : 27 B5                       BEQ     V1
     687/    E48C : 81 56                       CMPA   #'V'
     688/    E48E : 27 AE                       BEQ     VIEW
     689/    E490 : 39                          RTS
     690/    E491 :                     ;
     691/    E491 : 86 20               SKIP    LDAA   #$20
     692/    E493 : BD E1 D1                    JSR     OUTEEE
     693/    E496 : 5A                          DECB
     694/    E497 : 26 F8                       BNE     SKIP
     695/    E499 : 39                          RTS
     696/    E49A :                     ;
     697/    E49A : CE A0 0D            OUTXHI  LDX     #INXMSB
     698/    E49D : BD E0 C8                    JSR     OUT4HS
     699/    E4A0 : FE A0 0D                    LDX     INXMSB
     700/    E4A3 : 39                          RTS
     701/    E4A4 :                     ;
     702/    E4A4 : B7 A0 47            PNTBYT  STAA   BYTECT
     703/    E4A7 : CE A0 47                    LDX     #BYTECT
     704/    E4AA : 7E E0 BF                    JMP     OUT2H
     705/    E4AD :                     ;
     706/    E4AD : BF A0 08            SFE     STS     SP
     707/    E4B0 : 30                          TSX
     708/    E4B1 : 6D 06                       TST     6,X
     709/    E4B3 : 26 02                       BNE     DECP
     710/    E4B5 : 6A 05                       DEC     5,X
     711/    E4B7 : 6A 06               DECP    DEC     6,X
     712/    E4B9 : 8E A0 60                    LDS     #TSTACK
     713/    E4BC : 7D A0 6F                    TST     TFLAG
     714/    E4BF : 27 4C                       BEQ     PRINT
     715/    E4C1 : FE A0 66                    LDX     PC1
     716/    E4C4 : B6 A0 62                    LDAA   OPSAVE
     717/    E4C7 : A7 00                       STAA   0,X
     718/    E4C9 : 7D A0 70                    TST     BFLAG
     719/    E4CC : 27 08                       BEQ     DISPLY
     720/    E4CE : FE A0 68                    LDX     BPOINT
 AS V1.42 Beta [Bld 216] - Source File NEWBUG.asm - Page 13 - 2023-08-06 23:20:30


     721/    E4D1 : B6 A0 6A                    LDAA   BPOINT+2
     722/    E4D4 : A7 00                       STAA   0,X
     723/    E4D6 : 7E E5 CC            DISPLY  JMP     RETRN
     724/    E4D9 :                     ;
     725/    E4D9 : CE EA 98            BAD2    LDX     #FROMAD
     726/    E4DC : 20 03                       BRA     BAD1
     727/    E4DE : CE EA A3            ENDADD  LDX     #THRUAD
     728/    E4E1 : BD E0 7E            BAD1    JSR     PDATA1
     729/    E4E4 : 7E E0 47                    JMP     BADDR
     730/    E4E7 : 8D F0               LIMITS  BSR     BAD2
     731/    E4E9 : FF A0 02                    STX     BEGA
     732/    E4EC : 8D 05                       BSR     DOLF
     733/    E4EE : 8D EE                       BSR     ENDADD
     734/    E4F0 : FF A0 04                    STX     ENDA
     735/    E4F3 : 7E E2 60            DOLF    JMP     PCRLF
     736/    E4F6 : CE EA 90            ADDR    LDX     #ADASC
     737/    E4F9 : 20 E6                       BRA     BAD1
     738/    E4FB : CE EA B7            VALUE   LDX     #VALASC
     739/    E4FE : BD E0 7E                    JSR     PDATA1
     740/    E501 : 7E E0 55                    JMP     BYTE
     741/    E504 :                     ;
     742/    E504 : 48 49 4E 5A 56 43   CSET    FCC     'HINZVC'
     743/    E50A :                     ;
     744/    E50A : 53 39               S9      FCC     'S9'
     745/    E50C : 04                          FCB     4
     746/    E50D :                     ;
     747/    E50D : FE A0 08            PRINT   LDX     SP
     748/    E510 : 86 06                       LDAA   #6
     749/    E512 : B7 A0 6E                    STAA   MCONT
     750/    E515 : E6 01                       LDAB   1,X
     751/    E517 : 58                          ASL B
     752/    E518 : 58                          ASL B
     753/    E519 : CE E5 04                    LDX     #CSET
     754/    E51C : 86 2D               DSOOP   LDAA   #'-'
     755/    E51E : 58                          ASL B
     756/    E51F : 24 02                       BCC     DSOOP1
     757/    E521 : A6 00                       LDAA   0,X
     758/    E523 : BD E1 D1            DSOOP1  JSR     OUTEEE
     759/    E526 : 08                          INX
     760/    E527 : 7A A0 6E                    DEC     MCONT
     761/    E52A : 26 F0                       BNE     DSOOP
     762/    E52C : CE EA 7B                    LDX     #BREG
     763/    E52F : BD E0 7E                    JSR     PDATA1
     764/    E532 : FE A0 08                    LDX     SP
     765/    E535 : 08                          INX
     766/    E536 : 08                          INX
     767/    E537 : BD E0 CA                    JSR     OUT2HS
     768/    E53A : FF A0 79                    STX     TEMP
     769/    E53D : CE EA 7F                    LDX     #AREG
     770/    E540 : BD E0 7E                    JSR     PDATA1
     771/    E543 : FE A0 79                    LDX     TEMP
     772/    E546 : BD E0 CA                    JSR     OUT2HS
     773/    E549 : FF A0 79                    STX     TEMP
     774/    E54C : CE EA 82                    LDX     #XREG
     775/    E54F : BD E0 7E                    JSR     PDATA1
     776/    E552 : FE A0 79                    LDX     TEMP
     777/    E555 : BD E0 C8                    JSR     OUT4HS
     778/    E558 : FF A0 79                    STX     TEMP
     779/    E55B : 7D A0 6F                    TST     TFLAG
     780/    E55E : 26 0C                       BNE     PNTS
 AS V1.42 Beta [Bld 216] - Source File NEWBUG.asm - Page 14 - 2023-08-06 23:20:30


     781/    E560 : CE EA 88                    LDX     #PCTR
     782/    E563 : BD E0 7E                    JSR     PDATA1
     783/    E566 : FE A0 79                    LDX     TEMP
     784/    E569 : BD E0 C8                    JSR     OUT4HS
     785/    E56C : CE EA 85            PNTS    LDX     #SREG
     786/    E56F : BD E0 7E                    JSR     PDATA1
     787/    E572 : CE A0 08                    LDX     #SP
     788/    E575 : 7D A0 6F                    TST     TFLAG
     789/    E578 : 26 1A                       BNE     PRINTS
     790/    E57A : BD E0 C8                    JSR     OUT4HS
     791/    E57D : B6 A0 6C                    LDAA   BKFLG
     792/    E580 : 27 0F                       BEQ     C2
     793/    E582 : FE A0 64                    LDX     PB2
     794/    E585 : A7 00                       STAA   0,X
     795/    E587 : FE A0 6D                    LDX     BKFLG2
     796/    E58A : 27 05                       BEQ     C2
     797/    E58C : FE A0 66                    LDX     PC1
     798/    E58F : A7 00                       STAA   0,X
     799/    E591 : 7E E0 E3            C2      JMP     MONITOR
     800/    E594 : E6 00               PRINTS  LDAB   0,X
     801/    E596 : A6 01                       LDAA   1,X
     802/    E598 : 8B 07                       ADDA   #7
     803/    E59A : C9 00                       ADCB   #0
     804/    E59C : F7 A0 79                    STAB   TEMP
     805/    E59F : B7 A0 7A                    STAA   TEMP+1
     806/    E5A2 : CE A0 79                    LDX     #TEMP
     807/    E5A5 : 7E E0 C8                    JMP     OUT4HS
     808/    E5A8 :                     ;
     809/    E5A8 : BD E4 D9            DISSA   JSR     BAD2
     810/    E5AB : 7F A0 6F                    CLR     TFLAG
     811/    E5AE : 20 24                       BRA     DISS
     812/    E5B0 :                     ;
     813/    E5B0 : CE E4 AD            TRACE   LDX     #SFE
     814/    E5B3 : FF A0 12                    STX     SWI
     815/    E5B6 : BD E4 D9                    JSR     BAD2
     816/    E5B9 : BD E2 60                    JSR     PCRLF
     817/    E5BC : FE A0 08                    LDX     SP
     818/    E5BF : F6 A0 0D                    LDAB   INXMSB
     819/    E5C2 : E7 06                       STAB   6,X
     820/    E5C4 : B6 A0 0E                    LDAA   INXLSB
     821/    E5C7 : A7 07                       STAA   7,X
     822/    E5C9 : 7C A0 6F            KONTIN  INC     TFLAG
     823/    E5CC : BD E5 0D            RETRN   JSR     PRINT
     824/    E5CF : FE A0 08                    LDX     SP
     825/    E5D2 : EE 06                       LDX     6,X
     826/    E5D4 : FF A0 66            DISS    STX     PC1
     827/    E5D7 : BD E2 60            DISIN   JSR     PCRLF
     828/    E5DA : CE A0 66                    LDX     #PC1
     829/    E5DD : BD E0 C8                    JSR     OUT4HS
     830/    E5E0 : CE A0 70                    LDX     #BFLAG
     831/    E5E3 : 86 05                       LDAA   #5
     832/    E5E5 : 6F 00               CLEAR   CLR     0,X
     833/    E5E7 : 08                          INX
     834/    E5E8 : 4A                          DECA
     835/    E5E9 : 26 FA                       BNE     CLEAR
     836/    E5EB : FE A0 66                    LDX     PC1
     837/    E5EE : E6 00                       LDAB   0,X
     838/    E5F0 : BD E0 CA                    JSR     OUT2HS
     839/    E5F3 : FF A0 66                    STX     PC1
     840/    E5F6 : A6 00                       LDAA   0,X
 AS V1.42 Beta [Bld 216] - Source File NEWBUG.asm - Page 15 - 2023-08-06 23:20:30


     841/    E5F8 : B7 A0 64                    STAA   PB2
     842/    E5FB : A6 01                       LDAA   1,X
     843/    E5FD : B7 A0 65                    STAA   PB3
     844/    E600 : F7 A0 63                    STAB   PB1
     845/    E603 : 17                          TBA
     846/    E604 : BD E8 0F                    JSR     TBLKUP
     847/    E607 : B6 A0 79                    LDAA   TEMP
     848/    E60A : 81 2A                       CMPA   #'*'
     849/    E60C : 26 03                       BNE     OKOP
     850/    E60E : 7E E6 D2                    JMP     NOTBB
     851/    E611 : B6 A0 63            OKOP    LDAA   PB1
     852/    E614 : 81 8D                       CMPA   #$8D
     853/    E616 : 26 05                       BNE     NEXT
     854/    E618 : 7C A0 70                    INC     BFLAG
     855/    E61B : 20 2D                       BRA     PUT1
     856/    E61D : 84 F0               NEXT    ANDA   #$F0
     857/    E61F : 81 60                       CMPA   #$60
     858/    E621 : 27 18                       BEQ     ISX
     859/    E623 : 81 A0                       CMPA   #$A0
     860/    E625 : 27 14                       BEQ     ISX
     861/    E627 : 81 E0                       CMPA   #$E0
     862/    E629 : 27 10                       BEQ     ISX
     863/    E62B : 81 80                       CMPA   #$80
     864/    E62D : 27 04                       BEQ     IMM
     865/    E62F : 81 C0                       CMPA   #$C0
     866/    E631 : 26 17                       BNE     PUT1
     867/    E633 : 7C A0 71            IMM     INC     MFLAG
     868/    E636 : CE EA 69                    LDX     #SPLBOO
     869/    E639 : 20 0C                       BRA     PUT
     870/    E63B : 7C A0 72            ISX     INC     XFLAG
     871/    E63E : B6 A0 64                    LDAA   PB2
     872/    E641 : BD E4 A4                    JSR     PNTBYT
     873/    E644 : CE EA 6C                    LDX     #COMMX
     874/    E647 : BD E0 7E            PUT     JSR     PDATA1
     875/    E64A : FE A0 66            PUT1    LDX     PC1
     876/    E64D : B6 A0 63                    LDAA   PB1
     877/    E650 : 81 8C                       CMPA   #$8C
     878/    E652 : 27 1D                       BEQ     BYT3
     879/    E654 : 81 8E                       CMPA   #$8E
     880/    E656 : 27 19                       BEQ     BYT3
     881/    E658 : 81 CE                       CMPA   #$CE
     882/    E65A : 27 15                       BEQ     BYT3
     883/    E65C : 84 F0                       ANDA   #$F0
     884/    E65E : 81 20                       CMPA   #$20
     885/    E660 : 26 05                       BNE     NOTB
     886/    E662 : 7C A0 70                    INC     BFLAG
     887/    E665 : 20 25                       BRA     BYT2
     888/    E667 : 81 60               NOTB    CMPA   #$60
     889/    E669 : 25 43                       BCS     BYT1
     890/    E66B : 84 30                       ANDA   #$30
     891/    E66D : 81 30                       CMPA   #$30
     892/    E66F : 26 1B                       BNE     BYT2
     893/    E671 : 7C A0 74            BYT3    INC     BITE3
     894/    E674 : 7D A0 71                    TST     MFLAG
     895/    E677 : 26 05                       BNE     BYT31
     896/    E679 : 86 24                       LDAA   #'$'
     897/    E67B : BD E1 D1                    JSR     OUTEEE
     898/    E67E : A6 00               BYT31   LDAA   0,X
     899/    E680 : 08                          INX
     900/    E681 : FF A0 66                    STX     PC1
 AS V1.42 Beta [Bld 216] - Source File NEWBUG.asm - Page 16 - 2023-08-06 23:20:30


     901/    E684 : BD E4 A4                    JSR     PNTBYT
     902/    E687 : FE A0 66                    LDX     PC1
     903/    E68A : 20 03                       BRA     BYT21
     904/    E68C : 7C A0 73            BYT2    INC     BITE2
     905/    E68F : A6 00               BYT21   LDAA   0,X
     906/    E691 : 08                          INX
     907/    E692 : FF A0 66                    STX     PC1
     908/    E695 : 7D A0 72                    TST     XFLAG
     909/    E698 : 26 14                       BNE     BYT1
     910/    E69A : 7D A0 74                    TST     BITE3
     911/    E69D : 26 0C                       BNE     BYT22
     912/    E69F : 7D A0 71                    TST     MFLAG
     913/    E6A2 : 26 07                       BNE     BYT22
     914/    E6A4 : 16                          TAB
     915/    E6A5 : 86 24                       LDAA   #'$'
     916/    E6A7 : BD E1 D1                    JSR     OUTEEE
     917/    E6AA : 17                          TBA
     918/    E6AB : BD E4 A4            BYT22   JSR     PNTBYT
     919/    E6AE : 7D A0 70            BYT1    TST     BFLAG
     920/    E6B1 : 27 1F                       BEQ     NOTBB
     921/    E6B3 : C6 03                       LDAB   #3
     922/    E6B5 : BD E4 91                    JSR     SKIP
     923/    E6B8 : 4F                          CLRA
     924/    E6B9 : F6 A0 64                    LDAB   PB2
     925/    E6BC : 2C 02                       BGE     DPOS
     926/    E6BE : 86 FF                       LDAA   #$FF
     927/    E6C0 : FB A0 67            DPOS    ADDB   PC2
     928/    E6C3 : B9 A0 66                    ADCA   PC1
     929/    E6C6 : B7 A0 68                    STAA   BPOINT
     930/    E6C9 : F7 A0 69                    STAB   BPOINT+1
     931/    E6CC : CE A0 68                    LDX     #BPOINT
     932/    E6CF : BD E0 C8                    JSR     OUT4HS
     933/    E6D2 : C6 0D               NOTBB   LDAB   #$0D
     934/    E6D4 : 86 01                       LDAA   #1
     935/    E6D6 : 7D A0 73                    TST     BITE2
     936/    E6D9 : 27 19                       BEQ     NOTBB3
     937/    E6DB : C6 01                       LDAB   #1
     938/    E6DD : 7D A0 70                    TST     BFLAG
     939/    E6E0 : 26 0E                       BNE     NOTBB2
     940/    E6E2 : C6 08                       LDAB   #8
     941/    E6E4 : 7D A0 71                    TST     MFLAG
     942/    E6E7 : 26 07                       BNE     NOTBB2
     943/    E6E9 : 7D A0 72                    TST     XFLAG
     944/    E6EC : 26 02                       BNE     NOTBB2
     945/    E6EE : C6 09                       LDAB   #9
     946/    E6F0 : 86 02               NOTBB2  LDAA   #2
     947/    E6F2 : 20 10                       BRA     NOTBB8
     948/    E6F4 : 7D A0 74            NOTBB3  TST     BITE3
     949/    E6F7 : 27 0B                       BEQ     NOTBB8
     950/    E6F9 : 86 03                       LDAA   #3
     951/    E6FB : C6 06                       LDAB   #6
     952/    E6FD : 7D A0 71                    TST     MFLAG
     953/    E700 : 27 02                       BEQ     NOTBB8
     954/    E702 : C6 05                       LDAB   #5
     955/    E704 : 36                  NOTBB8  PSH A
     956/    E705 : BD E4 91                    JSR     SKIP
     957/    E708 : 33                          PUL B
     958/    E709 : CE A0 63                    LDX     #PB1
     959/    E70C : A6 00               NOTBB4  LDAA   0,X
     960/    E70E : 81 20                       CMPA   #$20
 AS V1.42 Beta [Bld 216] - Source File NEWBUG.asm - Page 17 - 2023-08-06 23:20:30


     961/    E710 : 2F 04                       BLE     NOTBB5
     962/    E712 : 81 60                       CMPA   #$60
     963/    E714 : 2F 02                       BLE     NOTBB9
     964/    E716 : 86 2E               NOTBB5  LDAA   #'.'
     965/    E718 : 08                  NOTBB9  INX
     966/    E719 : BD E1 D1                    JSR     OUTEEE
     967/    E71C : 5A                          DECB
     968/    E71D : 26 ED                       BNE     NOTBB4
     969/    E71F : BD E1 AC            NOT1    JSR     INEEE
     970/    E722 : 16                          TAB
     971/    E723 : BD E0 CC                    JSR     OUTS
     972/    E726 : C1 20                       CMPB   #$20
     973/    E728 : 27 45                       BEQ     DOT
     974/    E72A : FE A0 08            CHCBA   LDX     SP
     975/    E72D : 08                          INX
     976/    E72E : C1 43                       CMPB   #'C'
     977/    E730 : 27 1C                       BEQ     RDC
     978/    E732 : 08                          INX
     979/    E733 : C1 42                       CMPB   #'B'
     980/    E735 : 27 17                       BEQ     RDC
     981/    E737 : 08                          INX
     982/    E738 : C1 41                       CMPB   #'A'
     983/    E73A : 27 12                       BEQ     RDC
     984/    E73C : 08                          INX
     985/    E73D : C1 58                       CMPB   #'X'
     986/    E73F : 27 07                       BEQ     RDX
     987/    E741 : CE A0 08                    LDX     #SP
     988/    E744 : C1 53                       CMPB   #'S'
     989/    E746 : 26 13                       BNE     RETNOT
     990/    E748 : BD E0 55            RDX     JSR     BYTE
     991/    E74B : A7 00                       STAA   0,X
     992/    E74D : 08                          INX
     993/    E74E : BD E0 55            RDC     JSR     BYTE
     994/    E751 : A7 00                       STAA   0,X
     995/    E753 : BD E2 60                    JSR     PCRLF
     996/    E756 : BD E5 0D                    JSR     PRINT
     997/    E759 : 20 C4                       BRA     NOT1
     998/    E75B : BD E2 60            RETNOT  JSR     PCRLF
     999/    E75E : 8E A0 C0                    LDS     #STKORG
    1000/    E761 : 86 FF                       LDAA   #$FF
    1001/    E763 : BD E0 0F                    JSR     PATCH
    1002/    E766 : BD E2 BA                    JSR     SWICLR
    1003/    E769 : BD E3 1D                    JSR     SWISET
    1004/    E76C : 7E E0 E3                    JMP     MONITOR
    1005/    E76F : 7D A0 6F            DOT     TST     TFLAG
    1006/    E772 : 26 03                       BNE     DOT1
    1007/    E774 : 7E E5 D7                    JMP     DISIN
    1008/    E777 :                     ;
    1009/    E777 : C6 3F               DOT1    LDAB   #$3F
    1010/    E779 : B6 A0 63                    LDAA   PB1
    1011/    E77C : 81 8D                       CMPA   #$8D
    1012/    E77E : 26 09                       BNE     TSTB
    1013/    E780 : FE A0 68                    LDX     BPOINT
    1014/    E783 : FF A0 66                    STX     PC1
    1015/    E786 : 7F A0 70                    CLR     BFLAG
    1016/    E789 : 7D A0 70            TSTB    TST     BFLAG
    1017/    E78C : 27 0C                       BEQ     TSTJ
    1018/    E78E : FE A0 68                    LDX     BPOINT
    1019/    E791 : A6 00                       LDAA   0,X
    1020/    E793 : B7 A0 6A                    STAA   BPOINT+2
 AS V1.42 Beta [Bld 216] - Source File NEWBUG.asm - Page 18 - 2023-08-06 23:20:30


    1021/    E796 : E7 00                       STAB   0,X
    1022/    E798 : 20 44                       BRA     EXEC
    1023/    E79A : 81 6E               TSTJ    CMPA   #$6E
    1024/    E79C : 27 14                       BEQ     ISXD
    1025/    E79E : 81 AD                       CMPA   #$AD
    1026/    E7A0 : 27 10                       BEQ     ISXD
    1027/    E7A2 : 81 7E                       CMPA   #$7E
    1028/    E7A4 : 27 04                       BEQ     ISJ
    1029/    E7A6 : 81 BD                       CMPA   #$BD
    1030/    E7A8 : 26 1C                       BNE     NOTJ
    1031/    E7AA : FE A0 64            ISJ     LDX     PB2
    1032/    E7AD : FF A0 66            ISJ1    STX     PC1
    1033/    E7B0 : 20 2C                       BRA     EXEC
    1034/    E7B2 : FE A0 08            ISXD    LDX     SP
    1035/    E7B5 : A6 05                       LDAA   5,X
    1036/    E7B7 : BB A0 64                    ADDA   PB2
    1037/    E7BA : B7 A0 67                    STAA   PC2
    1038/    E7BD : A6 04                       LDAA   4,X
    1039/    E7BF : 89 00                       ADCA   #0
    1040/    E7C1 : B7 A0 66                    STAA   PC1
    1041/    E7C4 : 20 18                       BRA     EXEC
    1042/    E7C6 : FE A0 08            NOTJ    LDX     SP
    1043/    E7C9 : 81 39                       CMPA   #$39
    1044/    E7CB : 26 04                       BNE     NOTRTS
    1045/    E7CD : EE 08               NOTJ1   LDX     8,X
    1046/    E7CF : 20 06                       BRA     EXR
    1047/    E7D1 : 81 3B               NOTRTS  CMPA   #$3B
    1048/    E7D3 : 26 05                       BNE     NOTRTI
    1049/    E7D5 : EE 0D                       LDX     13,X
    1050/    E7D7 : FF A0 66            EXR     STX     PC1
    1051/    E7DA : 81 3F               NOTRTI  CMPA   #$3F
    1052/    E7DC : 27 12                       BEQ     NONO
    1053/    E7DE : FE A0 66            EXEC    LDX     PC1
    1054/    E7E1 : A6 00                       LDAA   0,X
    1055/    E7E3 : B7 A0 62                    STAA   OPSAVE
    1056/    E7E6 : E7 00                       STAB   0,X
    1057/    E7E8 : E1 00                       CMPB   0,X
    1058/    E7EA : 26 07                       BNE     CHKROM
    1059/    E7EC : BE A0 08            CONTG   LDS     SP
    1060/    E7EF : 3B                          RTI
    1061/    E7F0 : 7E E0 3F            NONO    JMP     LDABRT
    1062/    E7F3 : B6 A0 66            CHKROM  LDAA   PC1
    1063/    E7F6 : 81 C0                       CMPA   #$C0
    1064/    E7F8 : 25 F6                       BCS     NONO
    1065/    E7FA : FE A0 08                    LDX     SP
    1066/    E7FD : B6 A0 63                    LDAA   PB1
    1067/    E800 : 81 7E                       CMPA   #$7E
    1068/    E802 : 27 C9                       BEQ     NOTJ1
    1069/    E804 : 81 BD                       CMPA   #$BD
    1070/    E806 : 26 E8                       BNE     NONO
    1071/    E808 : EE 06                       LDX     6,X
    1072/    E80A : 08                          INX
    1073/    E80B : 08                          INX
    1074/    E80C : 08                          INX
    1075/    E80D : 20 9E                       BRA     ISJ1
    1076/    E80F :                     ;
    1077/    E80F : 81 40               TBLKUP  CMPA   #$40
    1078/    E811 : 24 26                       BCC     TLU6
    1079/    E813 : BD E8 A7            TLU1    JSR     PNT3C
    1080/    E816 : B6 A0 63                    LDAA   PB1
 AS V1.42 Beta [Bld 216] - Source File NEWBUG.asm - Page 19 - 2023-08-06 23:20:30


    1081/    E819 : 81 32                       CMPA   #$32
    1082/    E81B : 27 11                       BEQ     TLU3
    1083/    E81D : 81 36                       CMPA   #$36
    1084/    E81F : 27 0D                       BEQ     TLU3
    1085/    E821 : 81 33                       CMPA   #$33
    1086/    E823 : 27 0E                       BEQ     TLU4
    1087/    E825 : 81 37                       CMPA   #$37
    1088/    E827 : 27 0A                       BEQ     TLU4
    1089/    E829 : CE EA 6F            TLU2    LDX     #BLANK
    1090/    E82C : 20 08                       BRA     TLU5
    1091/    E82E : CE EA 73            TLU3    LDX     #PNTA
    1092/    E831 : 20 03                       BRA     TLU5
    1093/    E833 : CE EA 77            TLU4    LDX     #PNTB
    1094/    E836 : 7E E0 7E            TLU5    JMP     PDATA1
    1095/    E839 :                     ;
    1096/    E839 : 81 4E               TLU6    CMPA   #$4E
    1097/    E83B : 27 04                       BEQ     TLU7
    1098/    E83D : 81 5E                       CMPA   #$5E
    1099/    E83F : 26 03                       BNE     TLU8
    1100/    E841 : 4F                  TLU7    CLRA
    1101/    E842 : 20 CF                       BRA     TLU1
    1102/    E844 : 81 80               TLU8    CMPA   #$80
    1103/    E846 : 24 19                       BCC     TLU9
    1104/    E848 : 84 4F                       ANDA   #$4F
    1105/    E84A : BD E8 A7                    JSR     PNT3C
    1106/    E84D : B6 A0 79                    LDAA   TEMP
    1107/    E850 : 81 2A                       CMPA   #'*'
    1108/    E852 : 27 D5                       BEQ     TLU2
    1109/    E854 : B6 A0 63                    LDAA   PB1
    1110/    E857 : 81 60                       CMPA   #$60
    1111/    E859 : 24 CE                       BCC     TLU2
    1112/    E85B : 84 10                       ANDA   #$10
    1113/    E85D : 27 CF                       BEQ     TLU3
    1114/    E85F : 20 D2                       BRA     TLU4
    1115/    E861 :                     ;
    1116/    E861 : 84 3F               TLU9    ANDA   #$3F
    1117/    E863 : 81 0F                       CMPA   #$0F
    1118/    E865 : 27 DA                       BEQ     TLU7
    1119/    E867 : 81 07                       CMPA   #$07
    1120/    E869 : 27 D6                       BEQ     TLU7
    1121/    E86B : 84 0F                       ANDA   #$0F
    1122/    E86D : 81 03                       CMPA   #$03
    1123/    E86F : 27 D0                       BEQ     TLU7
    1124/    E871 : 81 0C                       CMPA   #$0C
    1125/    E873 : 2C 0E                       BGE     TLU10
    1126/    E875 : 8B 50                       ADDA   #$50
    1127/    E877 : BD E8 A7                    JSR     PNT3C
    1128/    E87A : B6 A0 63                    LDAA   PB1
    1129/    E87D : 84 40                       ANDA   #$40
    1130/    E87F : 27 AD                       BEQ     TLU3
    1131/    E881 : 20 B0                       BRA     TLU4
    1132/    E883 :                     ;
    1133/    E883 : B6 A0 63            TLU10   LDAA   PB1
    1134/    E886 : 81 8D                       CMPA   #$8D
    1135/    E888 : 26 04                       BNE     TLU11
    1136/    E88A : 86 53                       LDAA   #$53
    1137/    E88C : 20 85                       BRA     TLU1
    1138/    E88E : 81 C0               TLU11   CMPA   #$C0
    1139/    E890 : 24 0A                       BCC     TLU12
    1140/    E892 : 81 9D                       CMPA   #$9D
 AS V1.42 Beta [Bld 216] - Source File NEWBUG.asm - Page 20 - 2023-08-06 23:20:30


    1141/    E894 : 27 AB                       BEQ     TLU7
    1142/    E896 : 84 0F                       ANDA   #$0F
    1143/    E898 : 8B 50                       ADDA   #$50
    1144/    E89A : 20 08                       BRA     TLU13
    1145/    E89C : 84 0F               TLU12   ANDA   #$0F
    1146/    E89E : 8B 52                       ADDA   #$52
    1147/    E8A0 : 81 60                       CMPA   #$60
    1148/    E8A2 : 2D 9D                       BLT     TLU7
    1149/    E8A4 : 7E E8 13            TLU13   JMP     TLU1
    1150/    E8A7 :                     ;
    1151/    E8A7 : 5F                  PNT3C   CLRB
    1152/    E8A8 : B7 A0 79                    STAA   TEMP
    1153/    E8AB : 48                          ASL A
    1154/    E8AC : BB A0 79                    ADDA   TEMP
    1155/    E8AF : C9 00                       ADCB   #0
    1156/    E8B1 : CE E9 43                    LDX     #TBL
    1157/    E8B4 : FF A0 75                    STX     XTEMP1
    1158/    E8B7 : BB A0 76                    ADDA   XTEMP1+1
    1159/    E8BA : F9 A0 75                    ADCB   XTEMP1
    1160/    E8BD : F7 A0 75                    STAB   XTEMP1
    1161/    E8C0 : B7 A0 76                    STAA   XTEMP1+1
    1162/    E8C3 : FE A0 75                    LDX     XTEMP1
    1163/    E8C6 : A6 00                       LDAA   0,X
    1164/    E8C8 : B7 A0 79                    STAA   TEMP
    1165/    E8CB : 8D 06                       BSR     OUTA
    1166/    E8CD : A6 01                       LDAA   1,X
    1167/    E8CF : 8D 02                       BSR     OUTA
    1168/    E8D1 : A6 02                       LDAA   2,X
    1169/    E8D3 : 7E E1 D1            OUTA    JMP     OUTEEE
    1170/    E8D6 :                     ;
    1171/    E8D6 : BD E4 D9            ASCII   JSR     BAD2
    1172/    E8D9 : 08                          INX
    1173/    E8DA : 09                  ASCII1  DEX
    1174/    E8DB : BD E1 AC            ASCII2  JSR     INEEE
    1175/    E8DE : 81 08                       CMPA   #8
    1176/    E8E0 : 27 F8                       BEQ     ASCII1
    1177/    E8E2 : A7 00                       STAA   0,X
    1178/    E8E4 : 81 04                       CMPA   #4
    1179/    E8E6 : 26 01                       BNE     ASCII3
    1180/    E8E8 : 39                          RTS
    1181/    E8E9 : 08                  ASCII3  INX
    1182/    E8EA : 20 EF                       BRA     ASCII2
    1183/    E8EC :                     ;
    1184/    E8EC : BD E4 E7            FILL    JSR     LIMITS
    1185/    E8EF : BD E4 FB                    JSR     VALUE
    1186/    E8F2 : FE A0 02                    LDX     BEGA
    1187/    E8F5 : 09                          DEX
    1188/    E8F6 : 08                  FILL2   INX
    1189/    E8F7 : A7 00                       STAA   0,X
    1190/    E8F9 : A1 00                       CMPA   0,X
    1191/    E8FB : 26 06                       BNE     FILERR
    1192/    E8FD : BC A0 04                    CPX     ENDA
    1193/    E900 : 26 F4                       BNE     FILL2
    1194/    E902 : 39                          RTS
    1195/    E903 : FF A0 0D            FILERR  STX     INXMSB
    1196/    E906 : B7 A0 0F                    STAA   CHKSUM
    1197/    E909 : BD E0 CC                    JSR     OUTS
    1198/    E90C : CE A0 0D                    LDX     #INXMSB
    1199/    E90F : BD E0 C8                    JSR     OUT4HS
    1200/    E912 : FE A0 0D                    LDX     INXMSB
 AS V1.42 Beta [Bld 216] - Source File NEWBUG.asm - Page 21 - 2023-08-06 23:20:30


    1201/    E915 : BD E0 CA                    JSR     OUT2HS
    1202/    E918 : B6 A0 0F                    LDAA   CHKSUM
    1203/    E91B : 20 D9                       BRA     FILL2
    1204/    E91D :                     ;
    1205/    E91D : BD E4 E7            LOCATE  JSR     LIMITS
    1206/    E920 : BD E4 FB                    JSR     VALUE
    1207/    E923 : 16                          TAB
    1208/    E924 : FE A0 02                    LDX     BEGA
    1209/    E927 : 09                          DEX
    1210/    E928 : 08                  LOC1    INX
    1211/    E929 : A6 00                       LDAA   0,X
    1212/    E92B : 11                          CBA
    1213/    E92C : 26 0F                       BNE     LOC2
    1214/    E92E : FF A0 0D                    STX     INXMSB
    1215/    E931 : BD E2 60                    JSR     PCRLF
    1216/    E934 : CE A0 0D                    LDX     #INXMSB
    1217/    E937 : BD E0 C8                    JSR     OUT4HS
    1218/    E93A : FE A0 0D                    LDX     INXMSB
    1219/    E93D : BC A0 04            LOC2    CPX     ENDA
    1220/    E940 : 26 E6                       BNE     LOC1
    1221/    E942 : 39                          RTS
    1222/    E943 :                     ;
    1223/    E943 :                     ;
    1224/    E943 :                     ; COMPACTED MNEMONIC TBL
    1225/    E943 :                     ;
    1226/    E943 : 2A 2A 2A 4E 4F 50   TBL     FCC     '***NOP'
    1227/    E949 : 4E 4F 50 2A 2A 2A           FCC     'NOP***'
    1228/    E94F : 2A 2A 2A 2A 2A 2A           FCC     '******'
    1229/    E955 : 54 41 50 54 50 41           FCC     'TAPTPA'
    1230/    E95B : 49 4E 58 44 45 58           FCC     'INXDEX'
    1231/    E961 : 43 4C 56 53 45 56           FCC     'CLVSEV'
    1232/    E967 : 43 4C 43 53 45 43           FCC     'CLCSEC'
    1233/    E96D : 43 4C 49 53 45 49           FCC     'CLISEI'
    1234/    E973 : 53 42 41 43 42 41           FCC     'SBACBA'
    1235/    E979 : 2A 2A 2A 2A 2A 2A           FCC     '******'
    1236/    E97F : 2A 2A 2A 2A 2A 2A           FCC     '******'
    1237/    E985 : 54 41 42 54 42 41           FCC     'TABTBA'
    1238/    E98B : 2A 2A 2A 44 41 41           FCC     '***DAA'
    1239/    E991 : 2A 2A 2A 41 42 41           FCC     '***ABA'
    1240/    E997 : 2A 2A 2A 2A 2A 2A           FCC     '******'
    1241/    E99D : 2A 2A 2A 2A 2A 2A           FCC     '******'
    1242/    E9A3 : 42 52 41 2A 2A 2A           FCC     'BRA***'
    1243/    E9A9 : 42 48 49 42 4C 53           FCC     'BHIBLS'
    1244/    E9AF : 42 43 43 42 43 53           FCC     'BCCBCS'
    1245/    E9B5 : 42 4E 45 42 45 51           FCC     'BNEBEQ'
    1246/    E9BB : 42 56 43 42 56 53           FCC     'BVCBVS'
    1247/    E9C1 : 42 50 4C 42 4D 49           FCC     'BPLBMI'
    1248/    E9C7 : 42 47 45 42 4C 54           FCC     'BGEBLT'
    1249/    E9CD : 42 47 54 42 4C 45           FCC     'BGTBLE'
    1250/    E9D3 : 54 53 58 49 4E 53           FCC     'TSXINS'
    1251/    E9D9 : 50 55 4C 50 55 4C           FCC     'PULPUL'
    1252/    E9DF : 44 45 53 54 58 53           FCC     'DESTXS'
    1253/    E9E5 : 50 53 48 50 53 48           FCC     'PSHPSH'
    1254/    E9EB : 2A 2A 2A 52 54 53           FCC     '***RTS'
    1255/    E9F1 : 2A 2A 2A 52 54 49           FCC     '***RTI'
    1256/    E9F7 : 2A 2A 2A 2A 2A 2A           FCC     '******'
    1257/    E9FD : 57 41 49 53 57 49           FCC     'WAISWI'
    1258/    EA03 : 4E 45 47 2A 2A 2A           FCC     'NEG***'
    1259/    EA09 : 2A 2A 2A 43 4F 4D           FCC     '***COM'
    1260/    EA0F : 4C 53 52 2A 2A 2A           FCC     'LSR***'
 AS V1.42 Beta [Bld 216] - Source File NEWBUG.asm - Page 22 - 2023-08-06 23:20:30


    1261/    EA15 : 52 4F 52 41 53 52           FCC     'RORASR'
    1262/    EA1B : 41 53 4C 52 4F 4C           FCC     'ASLROL'
    1263/    EA21 : 44 45 43 2A 2A 2A           FCC     'DEC***'
    1264/    EA27 : 49 4E 43 54 53 54           FCC     'INCTST'
    1265/    EA2D : 4A 4D 50 43 4C 52           FCC     'JMPCLR'
    1266/    EA33 : 53 55 42 43 4D 50           FCC     'SUBCMP'
    1267/    EA39 : 53 42 43 42 53 52           FCC     'SBCBSR'
    1268/    EA3F : 41 4E 44 42 49 54           FCC     'ANDBIT'
    1269/    EA45 : 4C 44 41 53 54 41           FCC     'LDASTA'
    1270/    EA4B : 45 4F 52 41 44 43           FCC     'EORADC'
    1271/    EA51 : 4F 52 41 41 44 44           FCC     'ORAADD'
    1272/    EA57 : 43 50 58 4A 53 52           FCC     'CPXJSR'
    1273/    EA5D : 4C 44 53 53 54 53           FCC     'LDSSTS'
    1274/    EA63 : 4C 44 58 53 54 58           FCC     'LDXSTX'
    1275/    EA69 : 23 24               SPLBOO  FCC     '#$'
    1276/    EA6B : 04                          FCB     4
    1277/    EA6C : 2C 58               COMMX   FCC     ',X'
    1278/    EA6E : 04                          FCB     4
    1279/    EA6F : 20 20 20            BLANK   FCC     '   '
    1280/    EA72 : 04                          FCB     4
    1281/    EA73 : 20 41 20            PNTA    FCC     ' A '
    1282/    EA76 : 04                          FCB     4
    1283/    EA77 : 20 42 20            PNTB    FCC     ' B '
    1284/    EA7A : 04                          FCB     4
    1285/    EA7B : 20 42 3D            BREG    FCC     ' B='
    1286/    EA7E : 04                          FCB     4
    1287/    EA7F : 41 3D               AREG    FCC     'A='
    1288/    EA81 : 04                          FCB     4
    1289/    EA82 : 58 3D               XREG    FCC     'X='
    1290/    EA84 : 04                          FCB     4
    1291/    EA85 : 53 3D               SREG    FCC     'S='
    1292/    EA87 : 04                          FCB     4
    1293/    EA88 : 50 43 3D            PCTR    FCC     'PC='
    1294/    EA8B : 04                          FCB     4
    1295/    EA8C : 0D 0A               CRLF    FCB     $0D,$0A
    1296/    EA8E : 15 04                       FCB     $15,$04
    1297/    EA90 : 42 4B 41 44 44 52   ADASC   FCC     'BKADDR '
             EA96 : 20                
    1298/    EA97 : 04                          FCB     4
    1299/    EA98 : 46 52 4F 4D 20      FROMAD  FCC     'FROM '
    1300/    EA9D : 41 44 44 52 20              FCC     'ADDR '
    1301/    EAA2 : 04                          FCB     4
    1302/    EAA3 : 54 48 52 55 20      THRUAD  FCC     'THRU '
    1303/    EAA8 : 41 44 44 52 20              FCC     'ADDR '
    1304/    EAAD : 04                          FCB     4
    1305/    EAAE : 54 4F 20 41 44 44   TOADD   FCC     'TO ADDR '
             EAB4 : 52 20             
    1306/    EAB6 : 04                          FCB     4
    1307/    EAB7 : 56 41 4C 55 45 20   VALASC  FCC     'VALUE '
    1308/    EABD : 04                          FCB     4
    1309/    EABE :                     ;
    1310/    FFF8 :                             ORG ROM+$1FF8
    1311/    FFF8 :                     ;
    1312/    FFF8 : E0 00               IRQTV   FDB     IRQV
    1313/    FFFA : E0 05               SWITV   FDB     SWIV
    1314/    FFFC : E0 0A               NMITV   FDB     NMIV
    1315/    FFFE : E0 D0               RESTART FDB     START
    1316/   10000 :                     ;
    1317/   10000 :                             END     START
 AS V1.42 Beta [Bld 216] - Source File NEWBUG.asm - Page 23 - 2023-08-06 23:20:30


  Symbol Table (* = unused):
  --------------------------

 ABORT :                       E0EF C |  ACIAIN :                      E1B4 C |
 ACIAOUT :                     E1C0 C | *ACIAS1 :                      E08E C |
 ACIASET :                     E08C C |  ADASC :                       EA90 C |
*ADDR :                        E4F6 C |  AGAIN :                       E0FD C |
 ALTER :                       E168 C |  ALTER1 :                      E17A C |
 ALTER2 :                      E189 C |
*ARCHITECTURE :                                      "x86_64-unknown-linux" - |
 AREG :                        EA7F C |  ASCII :                       E8D6 C |
 ASCII1 :                      E8DA C |  ASCII2 :                      E8DB C |
 ASCII3 :                      E8E9 C |  BAD1 :                        E4E1 C |
 BAD2 :                        E4D9 C |  BADDR :                       E047 C |
 BEGA :                        A002 C |  BFLAG :                       A070 C |
*BIGENDIAN :                      0 - |  BITE2 :                       A073 C |
 BITE3 :                       A074 C |  BKFLG :                       A06C C |
 BKFLG2 :                      A06D C |  BLANK :                       EA6F C |
 BLOOP1 :                      E342 C |  BLOOP2 :                      E358 C |
 BLOOP3 :                      E362 C |  BOOT :                        E32F C |
 BOOT0 :                       E336 C |  BPOINT :                      A068 C |
*BRANCHEXT :                      0 - |  BREAK :                       E28F C |
 BREAKND :                     A027 - |  BREAKPT :                     A018 C |
 BREG :                        EA7B C |  BYT1 :                        E6AE C |
 BYT2 :                        E68C C |  BYT21 :                       E68F C |
 BYT22 :                       E6AB C |  BYT3 :                        E671 C |
 BYT31 :                       E67E C |  BYTE :                        E055 C |
 BYTE1 :                       E057 C |  BYTECT :                      A047 - |
 C2 :                          E591 C |  CALL :                        E0A6 C |
*CASESENSITIVE :                  0 - |  CHANGE :                      E139 C |
*CHCBA :                       E72A C |  CHKROM :                      E7F3 C |
 CHKSUM :                      A00F C |  CLEAR :                       E5E5 C |
 CLRED :                       E2FE C |  CLRSWI :                      E2EB C |
 CMDTBL :                      E36D C |  COMMX :                       EA6C C |
*COMPMODE :                       0 - |  COMREG :                      8018 - |
*CONSTPI :        3.141592653589793 - | *CONTG :                       E7EC C |
*CRC0 :                        A077 C |  CRC16 :                       A014 C |
 CRLF :                        EA8C C |  CSET :                        E504 C |
 CTLPORT :                     8004 - | *CUSTOM :                         0 - |
 DATAREG :                     801B - | *DATE :                "2023-08-06" - |
*DEBUG :                       E0E9 C |  DECP :                        E4B7 C |
 DISIN :                       E5D7 C |  DISPLY :                      E4D6 C |
 DISS :                        E5D4 C |  DISSA :                       E5A8 C |
 DOLF :                        E4F3 C |  DOT :                         E76F C |
 DOT1 :                        E777 C |  DPOS :                        E6C0 C |
 DRVREG :                      8014 - |  DSOOP :                       E51C C |
 DSOOP1 :                      E523 C |  EATLSP :                      E14A C |
 ECHFLG :                      A00C C |  ENDA :                        A004 C |
 ENDADD :                      E4DE C |  EXEC :                        E7DE C |
 EXR :                         E7D7 C | *FALSE :                          0 - |
 FILERR :                      E903 C |  FILL :                        E8EC C |
 FILL2 :                       E8F6 C |  FNDCMD :                      E10B C |
 FROMAD :                      EA98 C | *FULLPMMU :                       1 - |
 GETCMD :                      E0F7 C |  GETPAIR :                     E210 C |
 GO :                          E095 C |  GOADDR :                      A048 - |
*HAS64 :                          1 - | *HASDSP :                         0 - |
*HASFPU :                         0 - | *HASPMMU :                        0 - |
 HCOPY :                       E40C C |  IMM :                         E633 C |
 INCADR :                      E27F C |  INCH :                        E078 C |
 INCH8 :                       E1B1 C |  INEEE :                       E1AC C |
 AS V1.42 Beta [Bld 216] - Source File NEWBUG.asm - Page 24 - 2023-08-06 23:20:30


*INEXTMODE :                      0 - |  INHEX :                       E0AA C |
 INHEX1 :                      E0AC C |  INHRET :                      E0BE C |
*INLWORDMODE :                    0 - | *INMAXMODE :                      0 - |
*INSRCMODE :                      0 - | *INSUPMODE :                      0 - |
 INXLSB :                      A00E C |  INXMSB :                      A00D C |
 IOADDR :                      8000 - |  IRQ :                         A000 C |
*IRQTV :                       FFF8 C |  IRQV :                        E000 C |
 ISJ :                         E7AA C |  ISJ1 :                        E7AD C |
 ISX :                         E63B C |  ISXD :                        E7B2 C |
 JUMP :                        E0A4 C | *KONTIN :                      E5C9 C |
 LDABRT :                      E03F C |  LDADDR :                      A100 - |
 LIMITS :                      E4E7 C | *LISTON :                         1 - |
*LOADCNT :                      100 - |  LOC1 :                        E928 C |
 LOC2 :                        E93D C |  LOCATE :                      E91D C |
*MACEXP :                         7 - | *MCL :                         E19D C |
 MCLOFF :                      E19C C |  MCONT :                       A06E C |
 MEMLOC :                      E13C C |  MFLAG :                       A071 C |
*MOMCPU :                      6800 - | *MOMCPUNAME :                "6800" - |
 MONITOR :                     E0E3 C |  MOVE :                        E419 C |
 MOVE1 :                       E426 C | *NESTMAX :                      100 - |
 NEXADR :                      E162 C |  NEXADX :                      E163 C |
 NEXT :                        E61D C |  NMI :                         A006 C |
*NMITV :                       FFFC C |  NMIV :                        E00A C |
 NOBREAK :                     E2B7 C |  NONO :                        E7F0 C |
 NOT1 :                        E71F C |  NOTB :                        E667 C |
 NOTBB :                       E6D2 C |  NOTBB2 :                      E6F0 C |
 NOTBB3 :                      E6F4 C |  NOTBB4 :                      E70C C |
 NOTBB5 :                      E716 C |  NOTBB8 :                      E704 C |
 NOTBB9 :                      E718 C |  NOTHEX :                      E178 C |
 NOTJ :                        E7C6 C |  NOTJ1 :                       E7CD C |
 NOTRTI :                      E7DA C |  NOTRTS :                      E7D1 C |
 OKOP :                        E611 C |  OPSAVE :                      A062 C |
 OUT2H :                       E0BF C |  OUT2HS :                      E0CA C |
 OUT4HS :                      E0C8 C |  OUTA :                        E8D3 C |
 OUTCH :                       E075 C |  OUTEEE :                      E1D1 C |
 OUTHL :                       E067 C |  OUTHR :                       E06B C |
 OUTPLUS :                     E28A C |  OUTS :                        E0CC C |
 OUTS1 :                       E21F C |  OUTXHI :                      E49A C |
*PACKING :                        0 - | *PADDING :                        0 - |
 PATCH :                       E00F C |  PB1 :                         A063 C |
 PB2 :                         A064 C |  PB3 :                         A065 C |
 PC1 :                         A066 C |  PC2 :                         A067 C |
 PCHK :                        E1EF C |  PCRLF :                       E260 C |
 PCRLFP :                      E133 C |  PCTR :                        EA88 C |
 PDATA1 :                      E07E C |  PDATA2 :                      E07B C |
 PEXIT :                       E1FF C |  PFLAG :                       A028 C |
 PIA :                         801C - |  PINIT :                       E200 C |
 PNT3C :                       E8A7 C |  PNTA :                        EA73 C |
 PNTB :                        EA77 C |  PNTBYT :                      E4A4 C |
 PNTS :                        E56C C |  PORTADR :                     A00A C |
 POUT :                        E1D9 C | *PREADY :                      E1F9 C |
 PRINT :                       E50D C |  PRINTS :                      E594 C |
 PRNTFLG :                     A027 C | *PROM :                        F000 - |
 PROMPT :                       ':' - |  PUT :                         E647 C |
 PUT1 :                        E64A C |  RAM :                         A000 - |
 RDC :                         E74E C |  RDX :                         E748 C |
 REGS :                        E11E C | *RELAXED :                        0 - |
*RESTART :                     FFFE C |  RET :                         E1C8 C |
 RETNOT :                      E75B C |  RETRN :                       E5CC C |
 RETURN :                      E36C C |  ROM :                         E000 - |
 AS V1.42 Beta [Bld 216] - Source File NEWBUG.asm - Page 25 - 2023-08-06 23:20:30


 RTIINS :                      E0A3 C | *S9 :                          E50A C |
 SAVEGET :                     E1A5 C |  SECREG :                      801A - |
 SFE :                         E4AD C |  SKIP :                        E491 C |
 SP :                          A008 C |  SPLBOO :                      EA69 C |
 SREG :                        EA85 C |  SSRCH1 :                      E302 C |
 SSRCH2 :                      E30D C |  SSRCH3 :                      E312 C |
 START :                       E0D0 C |  STKORG :                      A0C0 - |
 SWI :                         A012 C |  SWICLR :                      E2BA C |
 SWIENT :                      E113 C |  SWINXA :                      E313 C |
 SWINXT :                      E2BD C |  SWISCL :                      E2C7 C |
 SWISE1 :                      E326 C |  SWISET :                      E31D C |
 SWISRCH :                     E2FF C | *SWITV :                       FFFA C |
 SWIV :                        E005 C |  TBL :                         E943 C |
 TBLEND :                      E409 C |  TBLKUP :                      E80F C |
 TEMP :                        A079 C |  TEMP16 :                      A010 C |
 TESTADR :                     E257 C |  TESTD1 :                      E227 C |
 TESTD2 :                      E229 C |  TESTD3 :                      E236 C |
 TESTD4 :                      E24A C | *TESTMC :                      E266 C |
 TESTMD :                      E222 C | *TESTMO :                      E272 C |
 TESTMR :                      E26C C |  TESTMX :                      E273 C |
 TFLAG :                       A06F C |  THRUAD :                      EAA3 C |
*TIME :                  "23:20:30" - |  TLU1 :                        E813 C |
 TLU10 :                       E883 C |  TLU11 :                       E88E C |
 TLU12 :                       E89C C |  TLU13 :                       E8A4 C |
 TLU2 :                        E829 C |  TLU3 :                        E82E C |
 TLU4 :                        E833 C |  TLU5 :                        E836 C |
 TLU6 :                        E839 C |  TLU7 :                        E841 C |
 TLU8 :                        E844 C |  TLU9 :                        E861 C |
 TOADD :                       EAAE C |  TRACE :                       E5B0 C |
*TRUE :                           1 - |  TSTACK :                      A060 C |
 TSTB :                        E789 C |  TSTJ :                        E79A C |
 V1 :                          E441 C |  V10 :                         E45B C |
 V2 :                          E46A C |  V3 :                          E474 C |
 V4 :                          E476 C |  V5 :                          E446 C |
 V9 :                          E44E C |  VALASC :                      EAB7 C |
 VALUE :                       E4FB C | *VERSION :                     142F - |
 VIEW :                        E43E C |  XFLAG :                       A072 C |
 XREG :                        EA82 C |  XTEMP :                       A016 C |
 XTEMP1 :                      A075 C | *Z80SYNTAX :                      0 - |

    310 symbols
     49 unused symbols

 AS V1.42 Beta [Bld 216] - Source File NEWBUG.asm - Page 26 - 2023-08-06 23:20:30


  Code Pages:
  ----------

STANDARD (0 changed characters)

1 code page

0.02 seconds assembly time

   1318 lines source file
      2 passes
      0 errors
      0 warnings
